<?xml version="1.0" encoding="UTF-8"?>
<testsuites>
  <testsuite name="apply_mcmc" timestamp="2025-06-23T12:59:14Z" hostname="8f0212725998" tests="19" skipped="0" failures="0" errors="0" time="36.336">
    <testcase time="0.104" classname="apply_mcmc" name="apply_mcmc_can_recover_known_parameters_and_catches_errors"/>
    <testcase time="34.93" classname="apply_mcmc" name="apply_mcmc_can_recover_known_parameters_and_catches_errors"/>
    <testcase time="0.0069999999999979" classname="apply_mcmc" name="apply_mcmc_can_recover_known_parameters_and_catches_errors"/>
    <testcase time="0.125" classname="apply_mcmc" name="apply_mcmc_can_recover_known_parameters_and_catches_errors"/>
    <testcase time="0.000999999999997669" classname="apply_mcmc" name="apply_mcmc_can_recover_known_parameters_and_catches_errors"/>
    <testcase time="0.00200000000000244" classname="apply_mcmc" name="apply_mcmc_can_recover_known_parameters_and_catches_errors"/>
    <testcase time="0.000999999999997669" classname="apply_mcmc" name="apply_mcmc_can_recover_known_parameters_and_catches_errors"/>
    <testcase time="0.000999999999997669" classname="apply_mcmc" name="apply_mcmc_can_recover_known_parameters_and_catches_errors"/>
    <testcase time="0.00100000000000477" classname="apply_mcmc" name="apply_mcmc_can_recover_known_parameters_and_catches_errors"/>
    <testcase time="0.000999999999997669" classname="apply_mcmc" name="apply_mcmc_can_recover_known_parameters_and_catches_errors"/>
    <testcase time="0.000999999999997669" classname="apply_mcmc" name="apply_mcmc_can_recover_known_parameters_and_catches_errors"/>
    <testcase time="0.00100000000000477" classname="apply_mcmc" name="apply_mcmc_can_recover_known_parameters_and_catches_errors"/>
    <testcase time="0.000999999999997669" classname="apply_mcmc" name="apply_mcmc_can_recover_known_parameters_and_catches_errors"/>
    <testcase time="0.00100000000000477" classname="apply_mcmc" name="apply_mcmc_can_recover_known_parameters_and_catches_errors"/>
    <testcase time="0.000999999999997669" classname="apply_mcmc" name="apply_mcmc_can_recover_known_parameters_and_catches_errors"/>
    <testcase time="0.000999999999997669" classname="apply_mcmc" name="apply_mcmc_can_recover_known_parameters_and_catches_errors"/>
    <testcase time="0.00100000000000477" classname="apply_mcmc" name="apply_mcmc_can_recover_known_parameters_and_catches_errors"/>
    <testcase time="1.152" classname="apply_mcmc" name="apply_mcmc_works_with_one_covariate"/>
    <testcase time="0.00399999999999778" classname="apply_mcmc" name="apply_mcmc_works_with_one_covariate"/>
  </testsuite>
  <testsuite name="covariates" timestamp="2025-06-23T12:59:50Z" hostname="8f0212725998" tests="12" skipped="0" failures="0" errors="0" time="0.84">
    <testcase time="0.707000000000001" classname="covariates" name="Check_that_binary_probability_is_correct"/>
    <testcase time="0.0169999999999959" classname="covariates" name="Check_that_binary_probability_is_correct"/>
    <testcase time="0.0770000000000053" classname="covariates" name="Check_that_Covariate_distributions_are_created_correctly"/>
    <testcase time="0.00399999999999778" classname="covariates" name="Check_that_Covariate_distributions_are_created_correctly"/>
    <testcase time="0.00399999999999778" classname="covariates" name="Check_that_Covariate_distributions_are_created_correctly"/>
    <testcase time="0.00400000000000489" classname="covariates" name="Check_that_Covariate_distributions_are_created_correctly"/>
    <testcase time="0.00300000000000011" classname="covariates" name="Check_that_Covariate_distributions_are_created_correctly"/>
    <testcase time="0.00399999999999778" classname="covariates" name="Check_that_Covariate_distributions_are_created_correctly"/>
    <testcase time="0.00399999999999778" classname="covariates" name="Check_that_Covariate_distributions_are_created_correctly"/>
    <testcase time="0.00400000000000489" classname="covariates" name="Check_that_Covariate_distributions_are_created_correctly"/>
    <testcase time="0.00799999999999557" classname="covariates" name="Check_that_Covariate_distributions_are_created_correctly"/>
    <testcase time="0.00399999999999778" classname="covariates" name="Check_that_Covariate_distributions_are_created_correctly"/>
  </testsuite>
  <testsuite name="inputs" timestamp="2025-06-23T12:59:51Z" hostname="8f0212725998" tests="29" skipped="0" failures="0" errors="0" time="13.233">
    <testcase time="13.15" classname="inputs" name="inputs_are_correctly_carried_through_to_outputs"/>
    <testcase time="0.00300000000000011" classname="inputs" name="inputs_are_correctly_carried_through_to_outputs"/>
    <testcase time="0.00399999999999778" classname="inputs" name="inputs_are_correctly_carried_through_to_outputs"/>
    <testcase time="0.00300000000000011" classname="inputs" name="inputs_are_correctly_carried_through_to_outputs"/>
    <testcase time="0.00300000000000011" classname="inputs" name="inputs_are_correctly_carried_through_to_outputs"/>
    <testcase time="0.00200000000000244" classname="inputs" name="inputs_are_correctly_carried_through_to_outputs"/>
    <testcase time="0.00399999999999778" classname="inputs" name="inputs_are_correctly_carried_through_to_outputs"/>
    <testcase time="0.00300000000000011" classname="inputs" name="inputs_are_correctly_carried_through_to_outputs"/>
    <testcase time="0.00300000000000011" classname="inputs" name="inputs_are_correctly_carried_through_to_outputs"/>
    <testcase time="0.00300000000000011" classname="inputs" name="inputs_are_correctly_carried_through_to_outputs"/>
    <testcase time="0.00300000000000011" classname="inputs" name="inputs_are_correctly_carried_through_to_outputs"/>
    <testcase time="0.00300000000000011" classname="inputs" name="inputs_are_correctly_carried_through_to_outputs"/>
    <testcase time="0.00300000000000011" classname="inputs" name="inputs_are_correctly_carried_through_to_outputs"/>
    <testcase time="0.00399999999999778" classname="inputs" name="inputs_are_correctly_carried_through_to_outputs"/>
    <testcase time="0.00200000000000244" classname="inputs" name="inputs_are_correctly_carried_through_to_outputs"/>
    <testcase time="0.00300000000000011" classname="inputs" name="inputs_are_correctly_carried_through_to_outputs"/>
    <testcase time="0.00300000000000011" classname="inputs" name="inputs_are_correctly_carried_through_to_outputs"/>
    <testcase time="0.00399999999999778" classname="inputs" name="inputs_are_correctly_carried_through_to_outputs"/>
    <testcase time="0.00300000000000011" classname="inputs" name="inputs_are_correctly_carried_through_to_outputs"/>
    <testcase time="0.00300000000000011" classname="inputs" name="inputs_are_correctly_carried_through_to_outputs"/>
    <testcase time="0.00200000000000244" classname="inputs" name="inputs_are_correctly_carried_through_to_outputs"/>
    <testcase time="0.00300000000000011" classname="inputs" name="inputs_are_correctly_carried_through_to_outputs"/>
    <testcase time="0.00300000000000011" classname="inputs" name="inputs_are_correctly_carried_through_to_outputs"/>
    <testcase time="0.00300000000000011" classname="inputs" name="inputs_are_correctly_carried_through_to_outputs"/>
    <testcase time="0.00199999999999534" classname="inputs" name="inputs_are_correctly_carried_through_to_outputs"/>
    <testcase time="0.00300000000000011" classname="inputs" name="inputs_are_correctly_carried_through_to_outputs"/>
    <testcase time="0.00300000000000011" classname="inputs" name="inputs_are_correctly_carried_through_to_outputs"/>
    <testcase time="0.00300000000000011" classname="inputs" name="inputs_are_correctly_carried_through_to_outputs"/>
    <testcase time="0.00200000000000244" classname="inputs" name="inputs_are_correctly_carried_through_to_outputs"/>
  </testsuite>
  <testsuite name="messages" timestamp="2025-06-23T13:00:04Z" hostname="8f0212725998" tests="2" skipped="0" failures="0" errors="0" time="0.01">
    <testcase time="0.00800000000000267" classname="messages" name="Messages_for_set_cov_are_printed_only_when_appropriate"/>
    <testcase time="0.00199999999999534" classname="messages" name="Messages_for_set_cov_are_printed_only_when_appropriate"/>
  </testsuite>
  <testsuite name="parallel" timestamp="2025-06-23T13:00:04Z" hostname="8f0212725998" tests="1" skipped="0" failures="0" errors="0" time="13.482">
    <testcase time="13.482" classname="parallel" name="parallisation_works_as_expected"/>
  </testsuite>
  <testsuite name="plots" timestamp="2025-06-23T13:00:18Z" hostname="8f0212725998" tests="61" skipped="0" failures="0" errors="0" time="1.317">
    <testcase time="0.0210000000000008" classname="plots" name="Ensure_errors_are_correct"/>
    <testcase time="0.00399999999999068" classname="plots" name="Ensure_errors_are_correct"/>
    <testcase time="0.00400000000000489" classname="plots" name="Ensure_errors_are_correct"/>
    <testcase time="0.00499999999999545" classname="plots" name="Ensure_errors_are_correct"/>
    <testcase time="0.00400000000000489" classname="plots" name="Ensure_errors_are_correct"/>
    <testcase time="0.00499999999999545" classname="plots" name="Ensure_errors_are_correct"/>
    <testcase time="0.00400000000000489" classname="plots" name="Ensure_errors_are_correct"/>
    <testcase time="0.00400000000000489" classname="plots" name="Ensure_errors_are_correct"/>
    <testcase time="0.00399999999999068" classname="plots" name="Ensure_errors_are_correct"/>
    <testcase time="0.00500000000000966" classname="plots" name="Ensure_errors_are_correct"/>
    <testcase time="0.00399999999999068" classname="plots" name="Ensure_errors_are_correct"/>
    <testcase time="0.00499999999999545" classname="plots" name="Ensure_errors_are_correct"/>
    <testcase time="0.00400000000000489" classname="plots" name="Ensure_errors_are_correct"/>
    <testcase time="0.00400000000000489" classname="plots" name="Ensure_errors_are_correct"/>
    <testcase time="0.00499999999999545" classname="plots" name="Ensure_errors_are_correct"/>
    <testcase time="0.00400000000000489" classname="plots" name="Ensure_errors_are_correct"/>
    <testcase time="0.00399999999999068" classname="plots" name="Ensure_errors_are_correct"/>
    <testcase time="0.00500000000000966" classname="plots" name="Ensure_errors_are_correct"/>
    <testcase time="0.00399999999999068" classname="plots" name="Ensure_errors_are_correct"/>
    <testcase time="0.00400000000000489" classname="plots" name="Ensure_errors_are_correct"/>
    <testcase time="0.00499999999999545" classname="plots" name="Ensure_errors_are_correct"/>
    <testcase time="0.00400000000000489" classname="plots" name="Ensure_errors_are_correct"/>
    <testcase time="0.149000000000001" classname="plots" name="Ensure_output_is_producing_a_ggplot2_object_with_appropriate_parameters"/>
    <testcase time="0.00100000000000477" classname="plots" name="Ensure_output_is_producing_a_ggplot2_object_with_appropriate_parameters"/>
    <testcase time="0.000999999999990564" classname="plots" name="Ensure_output_is_producing_a_ggplot2_object_with_appropriate_parameters"/>
    <testcase time="0.00100000000000477" classname="plots" name="Ensure_output_is_producing_a_ggplot2_object_with_appropriate_parameters"/>
    <testcase time="0.00199999999999534" classname="plots" name="Ensure_output_is_producing_a_ggplot2_object_with_appropriate_parameters"/>
    <testcase time="0.00100000000000477" classname="plots" name="Ensure_output_is_producing_a_ggplot2_object_with_appropriate_parameters"/>
    <testcase time="0.00100000000000477" classname="plots" name="Ensure_output_is_producing_a_ggplot2_object_with_appropriate_parameters"/>
    <testcase time="0.000999999999990564" classname="plots" name="Ensure_output_is_producing_a_ggplot2_object_with_appropriate_parameters"/>
    <testcase time="0.00100000000000477" classname="plots" name="Ensure_output_is_producing_a_ggplot2_object_with_appropriate_parameters"/>
    <testcase time="0.00199999999999534" classname="plots" name="Ensure_output_is_producing_a_ggplot2_object_with_appropriate_parameters"/>
    <testcase time="0.00400000000000489" classname="plots" name="Ensure_output_is_producing_a_ggplot2_object_with_appropriate_parameters"/>
    <testcase time="0.0840000000000032" classname="plots" name="Ensure_output_is_producing_a_ggplot2_object_with_appropriate_parameters"/>
    <testcase time="0.00300000000000011" classname="plots" name="Ensure_output_is_producing_a_ggplot2_object_with_appropriate_parameters"/>
    <testcase time="0.0619999999999976" classname="plots" name="Ensure_output_is_producing_a_ggplot2_object_with_appropriate_parameters"/>
    <testcase time="0.00300000000000011" classname="plots" name="Ensure_output_is_producing_a_ggplot2_object_with_appropriate_parameters"/>
    <testcase time="0.0529999999999973" classname="plots" name="Ensure_output_is_producing_a_ggplot2_object_with_appropriate_parameters"/>
    <testcase time="0.00300000000000011" classname="plots" name="Ensure_output_is_producing_a_ggplot2_object_with_appropriate_parameters"/>
    <testcase time="0.0520000000000067" classname="plots" name="Ensure_output_is_producing_a_ggplot2_object_with_appropriate_parameters"/>
    <testcase time="0.00300000000000011" classname="plots" name="Ensure_output_is_producing_a_ggplot2_object_with_appropriate_parameters"/>
    <testcase time="0.00300000000000011" classname="plots" name="Ensure_output_is_producing_a_ggplot2_object_with_appropriate_parameters"/>
    <testcase time="0.00300000000000011" classname="plots" name="Ensure_output_is_producing_a_ggplot2_object_with_appropriate_parameters"/>
    <testcase time="0.00300000000000011" classname="plots" name="Ensure_output_is_producing_a_ggplot2_object_with_appropriate_parameters"/>
    <testcase time="0.00199999999999534" classname="plots" name="Ensure_output_is_producing_a_ggplot2_object_with_appropriate_parameters"/>
    <testcase time="0.00300000000000011" classname="plots" name="Ensure_output_is_producing_a_ggplot2_object_with_appropriate_parameters"/>
    <testcase time="0.0559999999999974" classname="plots" name="Ensure_output_is_producing_a_ggplot2_object_with_appropriate_parameters"/>
    <testcase time="0.0529999999999973" classname="plots" name="Ensure_output_is_producing_a_ggplot2_object_with_appropriate_parameters"/>
    <testcase time="0.0409999999999968" classname="plots" name="Ensure_output_is_producing_a_ggplot2_object_with_appropriate_parameters"/>
    <testcase time="0.0520000000000067" classname="plots" name="Ensure_output_is_producing_a_ggplot2_object_with_appropriate_parameters"/>
    <testcase time="0.0550000000000068" classname="plots" name="Ensure_output_is_producing_a_ggplot2_object_with_appropriate_parameters"/>
    <testcase time="0.0409999999999968" classname="plots" name="Ensure_output_is_producing_a_ggplot2_object_with_appropriate_parameters"/>
    <testcase time="0.0600000000000023" classname="plots" name="Ensure_output_is_producing_a_ggplot2_object_with_appropriate_parameters"/>
    <testcase time="0.0619999999999976" classname="plots" name="Ensure_output_is_producing_a_ggplot2_object_with_appropriate_parameters"/>
    <testcase time="0.046999999999997" classname="plots" name="Ensure_output_is_producing_a_ggplot2_object_with_appropriate_parameters"/>
    <testcase time="0.0519999999999925" classname="plots" name="Ensure_output_is_producing_a_ggplot2_object_with_appropriate_parameters"/>
    <testcase time="0.0530000000000115" classname="plots" name="Ensure_output_is_producing_a_ggplot2_object_with_appropriate_parameters"/>
    <testcase time="0.0450000000000017" classname="plots" name="Ensure_output_is_producing_a_ggplot2_object_with_appropriate_parameters"/>
    <testcase time="0.0519999999999925" classname="plots" name="Ensure_output_is_producing_a_ggplot2_object_with_appropriate_parameters"/>
    <testcase time="0.0529999999999973" classname="plots" name="Ensure_output_is_producing_a_ggplot2_object_with_appropriate_parameters"/>
    <testcase time="0.0420000000000016" classname="plots" name="Ensure_output_is_producing_a_ggplot2_object_with_appropriate_parameters"/>
  </testsuite>
  <testsuite name="quiet" timestamp="2025-06-23T13:00:19Z" hostname="8f0212725998" tests="1" skipped="1" failures="0" errors="0" time="9.581">
    <testcase time="9.581" classname="quiet" name="Using_quiet_supresses_messages_as_expected">
      <skipped message="Reason: !Sys.getenv(&quot;RUN_ALL_TESTS&quot;) == TRUE is TRUE ('test-quiet.R:115:5')"/>
    </testcase>
  </testsuite>
  <testsuite name="run_mcmc" timestamp="2025-06-23T13:00:28Z" hostname="8f0212725998" tests="24" skipped="0" failures="0" errors="0" time="13.507">
    <testcase time="13.442" classname="run_mcmc" name="Check_that_the_outputs_are_correct_for_run_mcmc"/>
    <testcase time="0.00300000000000011" classname="run_mcmc" name="Check_that_the_outputs_are_correct_for_run_mcmc"/>
    <testcase time="0.00300000000000011" classname="run_mcmc" name="Check_that_the_outputs_are_correct_for_run_mcmc"/>
    <testcase time="0.00400000000000489" classname="run_mcmc" name="Check_that_the_outputs_are_correct_for_run_mcmc"/>
    <testcase time="0.00300000000000011" classname="run_mcmc" name="Check_that_the_outputs_are_correct_for_run_mcmc"/>
    <testcase time="0.00300000000000011" classname="run_mcmc" name="Check_that_the_outputs_are_correct_for_run_mcmc"/>
    <testcase time="0.00300000000000011" classname="run_mcmc" name="Check_that_the_outputs_are_correct_for_run_mcmc"/>
    <testcase time="0.00300000000000011" classname="run_mcmc" name="Check_that_the_outputs_are_correct_for_run_mcmc"/>
    <testcase time="0.00199999999999534" classname="run_mcmc" name="Check_that_the_outputs_are_correct_for_run_mcmc"/>
    <testcase time="0.00300000000000011" classname="run_mcmc" name="Check_that_the_outputs_are_correct_for_run_mcmc"/>
    <testcase time="0.00300000000000011" classname="run_mcmc" name="Check_that_the_outputs_are_correct_for_run_mcmc"/>
    <testcase time="0.00200000000000955" classname="run_mcmc" name="Check_that_the_outputs_are_correct_for_run_mcmc"/>
    <testcase time="0.00300000000000011" classname="run_mcmc" name="Check_that_the_outputs_are_correct_for_run_mcmc"/>
    <testcase time="0.00300000000000011" classname="run_mcmc" name="Check_that_the_outputs_are_correct_for_run_mcmc"/>
    <testcase time="0.00199999999999534" classname="run_mcmc" name="Check_that_the_outputs_are_correct_for_run_mcmc"/>
    <testcase time="0.00300000000000011" classname="run_mcmc" name="Check_that_the_outputs_are_correct_for_run_mcmc"/>
    <testcase time="0.00300000000000011" classname="run_mcmc" name="Check_that_the_outputs_are_correct_for_run_mcmc"/>
    <testcase time="0.00300000000000011" classname="run_mcmc" name="Check_that_the_outputs_are_correct_for_run_mcmc"/>
    <testcase time="0.00199999999999534" classname="run_mcmc" name="Check_that_the_outputs_are_correct_for_run_mcmc"/>
    <testcase time="0.00300000000000011" classname="run_mcmc" name="Check_that_the_outputs_are_correct_for_run_mcmc"/>
    <testcase time="0.00300000000000011" classname="run_mcmc" name="Check_that_the_outputs_are_correct_for_run_mcmc"/>
    <testcase time="0.00200000000000955" classname="run_mcmc" name="Check_that_the_outputs_are_correct_for_run_mcmc"/>
    <testcase time="0.00300000000000011" classname="run_mcmc" name="Check_that_the_outputs_are_correct_for_run_mcmc"/>
    <testcase time="0.00300000000000011" classname="run_mcmc" name="Check_that_the_outputs_are_correct_for_run_mcmc"/>
  </testsuite>
</testsuites>
