<?xml version="1.0" encoding="UTF-8"?>
<testsuites>
  <testsuite name="apply_mcmc" timestamp="2023-02-28T18:52:13Z" hostname="5d5ce4dea3f4" tests="17" skipped="0" failures="0" errors="0" time="91.564">
    <testcase time="0.215" classname="apply_mcmc" name="apply_mcmc_can_recover_known_parameters_and_catches_errors"/>
    <testcase time="91.318" classname="apply_mcmc" name="apply_mcmc_can_recover_known_parameters_and_catches_errors"/>
    <testcase time="0.0109999999999957" classname="apply_mcmc" name="apply_mcmc_can_recover_known_parameters_and_catches_errors"/>
    <testcase time="0.00199999999999534" classname="apply_mcmc" name="apply_mcmc_can_recover_known_parameters_and_catches_errors"/>
    <testcase time="0.00100000000000477" classname="apply_mcmc" name="apply_mcmc_can_recover_known_parameters_and_catches_errors"/>
    <testcase time="0.00100000000000477" classname="apply_mcmc" name="apply_mcmc_can_recover_known_parameters_and_catches_errors"/>
    <testcase time="0.00199999999999534" classname="apply_mcmc" name="apply_mcmc_can_recover_known_parameters_and_catches_errors"/>
    <testcase time="0.00100000000000477" classname="apply_mcmc" name="apply_mcmc_can_recover_known_parameters_and_catches_errors"/>
    <testcase time="0.000999999999990564" classname="apply_mcmc" name="apply_mcmc_can_recover_known_parameters_and_catches_errors"/>
    <testcase time="0.00200000000000955" classname="apply_mcmc" name="apply_mcmc_can_recover_known_parameters_and_catches_errors"/>
    <testcase time="0.000999999999990564" classname="apply_mcmc" name="apply_mcmc_can_recover_known_parameters_and_catches_errors"/>
    <testcase time="0.00200000000000955" classname="apply_mcmc" name="apply_mcmc_can_recover_known_parameters_and_catches_errors"/>
    <testcase time="0.000999999999990564" classname="apply_mcmc" name="apply_mcmc_can_recover_known_parameters_and_catches_errors"/>
    <testcase time="0.00100000000000477" classname="apply_mcmc" name="apply_mcmc_can_recover_known_parameters_and_catches_errors"/>
    <testcase time="0.00199999999999534" classname="apply_mcmc" name="apply_mcmc_can_recover_known_parameters_and_catches_errors"/>
    <testcase time="0.00100000000000477" classname="apply_mcmc" name="apply_mcmc_can_recover_known_parameters_and_catches_errors"/>
    <testcase time="0.00199999999999534" classname="apply_mcmc" name="apply_mcmc_can_recover_known_parameters_and_catches_errors"/>
  </testsuite>
  <testsuite name="covariates" timestamp="2023-02-28T18:53:45Z" hostname="5d5ce4dea3f4" tests="12" skipped="0" failures="0" errors="0" time="1.221">
    <testcase time="1.06100000000001" classname="covariates" name="Check_that_binary_probability_is_correct"/>
    <testcase time="0.00400000000000489" classname="covariates" name="Check_that_binary_probability_is_correct"/>
    <testcase time="0.111999999999995" classname="covariates" name="Check_that_Covariate_distributions_are_created_correctly"/>
    <testcase time="0.00400000000000489" classname="covariates" name="Check_that_Covariate_distributions_are_created_correctly"/>
    <testcase time="0.00399999999999068" classname="covariates" name="Check_that_Covariate_distributions_are_created_correctly"/>
    <testcase time="0.00400000000000489" classname="covariates" name="Check_that_Covariate_distributions_are_created_correctly"/>
    <testcase time="0.00400000000000489" classname="covariates" name="Check_that_Covariate_distributions_are_created_correctly"/>
    <testcase time="0.00399999999999068" classname="covariates" name="Check_that_Covariate_distributions_are_created_correctly"/>
    <testcase time="0.00400000000000489" classname="covariates" name="Check_that_Covariate_distributions_are_created_correctly"/>
    <testcase time="0.00400000000000489" classname="covariates" name="Check_that_Covariate_distributions_are_created_correctly"/>
    <testcase time="0.0120000000000005" classname="covariates" name="Check_that_Covariate_distributions_are_created_correctly"/>
    <testcase time="0.00399999999999068" classname="covariates" name="Check_that_Covariate_distributions_are_created_correctly"/>
  </testsuite>
  <testsuite name="inputs" timestamp="2023-02-28T18:53:46Z" hostname="5d5ce4dea3f4" tests="29" skipped="0" failures="0" errors="0" time="22.202">
    <testcase time="22.068" classname="inputs" name="inputs_are_correctly_carried_through_to_outputs"/>
    <testcase time="0.00400000000000489" classname="inputs" name="inputs_are_correctly_carried_through_to_outputs"/>
    <testcase time="0.00499999999999545" classname="inputs" name="inputs_are_correctly_carried_through_to_outputs"/>
    <testcase time="0.00499999999999545" classname="inputs" name="inputs_are_correctly_carried_through_to_outputs"/>
    <testcase time="0.00400000000000489" classname="inputs" name="inputs_are_correctly_carried_through_to_outputs"/>
    <testcase time="0.00400000000000489" classname="inputs" name="inputs_are_correctly_carried_through_to_outputs"/>
    <testcase time="0.00499999999999545" classname="inputs" name="inputs_are_correctly_carried_through_to_outputs"/>
    <testcase time="0.00499999999999545" classname="inputs" name="inputs_are_correctly_carried_through_to_outputs"/>
    <testcase time="0.00500000000000966" classname="inputs" name="inputs_are_correctly_carried_through_to_outputs"/>
    <testcase time="0.00399999999999068" classname="inputs" name="inputs_are_correctly_carried_through_to_outputs"/>
    <testcase time="0.00400000000000489" classname="inputs" name="inputs_are_correctly_carried_through_to_outputs"/>
    <testcase time="0.00499999999999545" classname="inputs" name="inputs_are_correctly_carried_through_to_outputs"/>
    <testcase time="0.00500000000000966" classname="inputs" name="inputs_are_correctly_carried_through_to_outputs"/>
    <testcase time="0.00499999999999545" classname="inputs" name="inputs_are_correctly_carried_through_to_outputs"/>
    <testcase time="0.00499999999999545" classname="inputs" name="inputs_are_correctly_carried_through_to_outputs"/>
    <testcase time="0.00400000000000489" classname="inputs" name="inputs_are_correctly_carried_through_to_outputs"/>
    <testcase time="0.012999999999991" classname="inputs" name="inputs_are_correctly_carried_through_to_outputs"/>
    <testcase time="0.00500000000000966" classname="inputs" name="inputs_are_correctly_carried_through_to_outputs"/>
    <testcase time="0.00499999999999545" classname="inputs" name="inputs_are_correctly_carried_through_to_outputs"/>
    <testcase time="0.00400000000000489" classname="inputs" name="inputs_are_correctly_carried_through_to_outputs"/>
    <testcase time="0.00399999999999068" classname="inputs" name="inputs_are_correctly_carried_through_to_outputs"/>
    <testcase time="0.00400000000000489" classname="inputs" name="inputs_are_correctly_carried_through_to_outputs"/>
    <testcase time="0.00499999999999545" classname="inputs" name="inputs_are_correctly_carried_through_to_outputs"/>
    <testcase time="0.00400000000000489" classname="inputs" name="inputs_are_correctly_carried_through_to_outputs"/>
    <testcase time="0.00400000000000489" classname="inputs" name="inputs_are_correctly_carried_through_to_outputs"/>
    <testcase time="0.00399999999999068" classname="inputs" name="inputs_are_correctly_carried_through_to_outputs"/>
    <testcase time="0.00400000000000489" classname="inputs" name="inputs_are_correctly_carried_through_to_outputs"/>
    <testcase time="0.00499999999999545" classname="inputs" name="inputs_are_correctly_carried_through_to_outputs"/>
    <testcase time="0.00400000000000489" classname="inputs" name="inputs_are_correctly_carried_through_to_outputs"/>
  </testsuite>
  <testsuite name="messages" timestamp="2023-02-28T18:54:08Z" hostname="5d5ce4dea3f4" tests="2" skipped="0" failures="0" errors="0" time="0.012">
    <testcase time="0.00799999999999557" classname="messages" name="Messages_for_set_cov_are_printed_only_when_appropriate"/>
    <testcase time="0.00400000000000489" classname="messages" name="Messages_for_set_cov_are_printed_only_when_appropriate"/>
  </testsuite>
  <testsuite name="parallel" timestamp="2023-02-28T18:54:08Z" hostname="5d5ce4dea3f4" tests="1" skipped="0" failures="0" errors="0" time="27.141">
    <testcase time="27.141" classname="parallel" name="parallisation_works_as_expected"/>
  </testsuite>
  <testsuite name="plots" timestamp="2023-02-28T18:54:35Z" hostname="5d5ce4dea3f4" tests="67" skipped="0" failures="0" errors="0" time="0.504">
    <testcase time="0.0520000000000209" classname="plots" name="Ensure_errors_are_correct"/>
    <testcase time="0.00499999999999545" classname="plots" name="Ensure_errors_are_correct"/>
    <testcase time="0.00600000000000023" classname="plots" name="Ensure_errors_are_correct"/>
    <testcase time="0.00499999999999545" classname="plots" name="Ensure_errors_are_correct"/>
    <testcase time="0.00600000000000023" classname="plots" name="Ensure_errors_are_correct"/>
    <testcase time="0.00499999999999545" classname="plots" name="Ensure_errors_are_correct"/>
    <testcase time="0.00499999999999545" classname="plots" name="Ensure_errors_are_correct"/>
    <testcase time="0.00499999999999545" classname="plots" name="Ensure_errors_are_correct"/>
    <testcase time="0.00600000000000023" classname="plots" name="Ensure_errors_are_correct"/>
    <testcase time="0.00500000000002387" classname="plots" name="Ensure_errors_are_correct"/>
    <testcase time="0.00600000000000023" classname="plots" name="Ensure_errors_are_correct"/>
    <testcase time="0.00499999999999545" classname="plots" name="Ensure_errors_are_correct"/>
    <testcase time="0.00499999999999545" classname="plots" name="Ensure_errors_are_correct"/>
    <testcase time="0.00600000000000023" classname="plots" name="Ensure_errors_are_correct"/>
    <testcase time="0.00499999999999545" classname="plots" name="Ensure_errors_are_correct"/>
    <testcase time="0.00600000000000023" classname="plots" name="Ensure_errors_are_correct"/>
    <testcase time="0.00499999999999545" classname="plots" name="Ensure_errors_are_correct"/>
    <testcase time="0.00600000000000023" classname="plots" name="Ensure_errors_are_correct"/>
    <testcase time="0.00499999999999545" classname="plots" name="Ensure_errors_are_correct"/>
    <testcase time="0.00600000000000023" classname="plots" name="Ensure_errors_are_correct"/>
    <testcase time="0.00499999999999545" classname="plots" name="Ensure_errors_are_correct"/>
    <testcase time="0.00600000000000023" classname="plots" name="Ensure_errors_are_correct"/>
    <testcase time="0.137" classname="plots" name="Ensure_output_is_producing_a_ggplot2_object_with_appropriate_parameters"/>
    <testcase time="0.00500000000002387" classname="plots" name="Ensure_output_is_producing_a_ggplot2_object_with_appropriate_parameters"/>
    <testcase time="0.00399999999999068" classname="plots" name="Ensure_output_is_producing_a_ggplot2_object_with_appropriate_parameters"/>
    <testcase time="0.00499999999999545" classname="plots" name="Ensure_output_is_producing_a_ggplot2_object_with_appropriate_parameters"/>
    <testcase time="0.00399999999999068" classname="plots" name="Ensure_output_is_producing_a_ggplot2_object_with_appropriate_parameters"/>
    <testcase time="0.0040000000000191" classname="plots" name="Ensure_output_is_producing_a_ggplot2_object_with_appropriate_parameters"/>
    <testcase time="0.00399999999999068" classname="plots" name="Ensure_output_is_producing_a_ggplot2_object_with_appropriate_parameters"/>
    <testcase time="0.00499999999999545" classname="plots" name="Ensure_output_is_producing_a_ggplot2_object_with_appropriate_parameters"/>
    <testcase time="0.0040000000000191" classname="plots" name="Ensure_output_is_producing_a_ggplot2_object_with_appropriate_parameters"/>
    <testcase time="0.00399999999999068" classname="plots" name="Ensure_output_is_producing_a_ggplot2_object_with_appropriate_parameters"/>
    <testcase time="0.00499999999999545" classname="plots" name="Ensure_output_is_producing_a_ggplot2_object_with_appropriate_parameters"/>
    <testcase time="0.00399999999999068" classname="plots" name="Ensure_output_is_producing_a_ggplot2_object_with_appropriate_parameters"/>
    <testcase time="0.0040000000000191" classname="plots" name="Ensure_output_is_producing_a_ggplot2_object_with_appropriate_parameters"/>
    <testcase time="0.00399999999999068" classname="plots" name="Ensure_output_is_producing_a_ggplot2_object_with_appropriate_parameters"/>
    <testcase time="0.00499999999999545" classname="plots" name="Ensure_output_is_producing_a_ggplot2_object_with_appropriate_parameters"/>
    <testcase time="0.00399999999999068" classname="plots" name="Ensure_output_is_producing_a_ggplot2_object_with_appropriate_parameters"/>
    <testcase time="0.0040000000000191" classname="plots" name="Ensure_output_is_producing_a_ggplot2_object_with_appropriate_parameters"/>
    <testcase time="0.00499999999999545" classname="plots" name="Ensure_output_is_producing_a_ggplot2_object_with_appropriate_parameters"/>
    <testcase time="0.00399999999999068" classname="plots" name="Ensure_output_is_producing_a_ggplot2_object_with_appropriate_parameters"/>
    <testcase time="0.0040000000000191" classname="plots" name="Ensure_output_is_producing_a_ggplot2_object_with_appropriate_parameters"/>
    <testcase time="0.00499999999999545" classname="plots" name="Ensure_output_is_producing_a_ggplot2_object_with_appropriate_parameters"/>
    <testcase time="0.00399999999999068" classname="plots" name="Ensure_output_is_producing_a_ggplot2_object_with_appropriate_parameters"/>
    <testcase time="0.00399999999999068" classname="plots" name="Ensure_output_is_producing_a_ggplot2_object_with_appropriate_parameters"/>
    <testcase time="0.00500000000002387" classname="plots" name="Ensure_output_is_producing_a_ggplot2_object_with_appropriate_parameters"/>
    <testcase time="0.00399999999999068" classname="plots" name="Ensure_output_is_producing_a_ggplot2_object_with_appropriate_parameters"/>
    <testcase time="0.00499999999999545" classname="plots" name="Ensure_output_is_producing_a_ggplot2_object_with_appropriate_parameters"/>
    <testcase time="0.00399999999999068" classname="plots" name="Ensure_output_is_producing_a_ggplot2_object_with_appropriate_parameters"/>
    <testcase time="0.00500000000002387" classname="plots" name="Ensure_output_is_producing_a_ggplot2_object_with_appropriate_parameters"/>
    <testcase time="0.00399999999999068" classname="plots" name="Ensure_output_is_producing_a_ggplot2_object_with_appropriate_parameters"/>
    <testcase time="0.00499999999999545" classname="plots" name="Ensure_output_is_producing_a_ggplot2_object_with_appropriate_parameters"/>
    <testcase time="0.00399999999999068" classname="plots" name="Ensure_output_is_producing_a_ggplot2_object_with_appropriate_parameters"/>
    <testcase time="0.00500000000002387" classname="plots" name="Ensure_output_is_producing_a_ggplot2_object_with_appropriate_parameters"/>
    <testcase time="0.00399999999999068" classname="plots" name="Ensure_output_is_producing_a_ggplot2_object_with_appropriate_parameters"/>
    <testcase time="0.00499999999999545" classname="plots" name="Ensure_output_is_producing_a_ggplot2_object_with_appropriate_parameters"/>
    <testcase time="0.00399999999999068" classname="plots" name="Ensure_output_is_producing_a_ggplot2_object_with_appropriate_parameters"/>
    <testcase time="0.00500000000002387" classname="plots" name="Ensure_output_is_producing_a_ggplot2_object_with_appropriate_parameters"/>
    <testcase time="0.00399999999999068" classname="plots" name="Ensure_output_is_producing_a_ggplot2_object_with_appropriate_parameters"/>
    <testcase time="0.0109999999999957" classname="plots" name="Ensure_output_is_producing_a_ggplot2_object_with_appropriate_parameters"/>
    <testcase time="0.00499999999999545" classname="plots" name="Ensure_output_is_producing_a_ggplot2_object_with_appropriate_parameters"/>
    <testcase time="0.0040000000000191" classname="plots" name="Ensure_output_is_producing_a_ggplot2_object_with_appropriate_parameters"/>
    <testcase time="0.00499999999999545" classname="plots" name="Ensure_output_is_producing_a_ggplot2_object_with_appropriate_parameters"/>
    <testcase time="0.00399999999999068" classname="plots" name="Ensure_output_is_producing_a_ggplot2_object_with_appropriate_parameters"/>
    <testcase time="0.00499999999999545" classname="plots" name="Ensure_output_is_producing_a_ggplot2_object_with_appropriate_parameters"/>
    <testcase time="0.00399999999999068" classname="plots" name="Ensure_output_is_producing_a_ggplot2_object_with_appropriate_parameters"/>
    <testcase time="0.00500000000002387" classname="plots" name="Ensure_output_is_producing_a_ggplot2_object_with_appropriate_parameters"/>
  </testsuite>
  <testsuite name="quiet" timestamp="2023-02-28T18:54:36Z" hostname="5d5ce4dea3f4" tests="1" skipped="1" failures="0" errors="0" time="16.749">
    <testcase time="16.749" classname="quiet" name="Using_quiet_supresses_messages_as_expected">
      <skipped message="Reason: !Sys.getenv(&quot;RUN_ALL_TESTS&quot;) == TRUE is TRUE ('test-quiet.R:115')"/>
    </testcase>
  </testsuite>
  <testsuite name="run_mcmc" timestamp="2023-02-28T18:54:53Z" hostname="5d5ce4dea3f4" tests="24" skipped="0" failures="0" errors="0" time="26.251">
    <testcase time="26.139" classname="run_mcmc" name="Check_that_the_outputs_are_correct_for_run_mcmc"/>
    <testcase time="0.0120000000000005" classname="run_mcmc" name="Check_that_the_outputs_are_correct_for_run_mcmc"/>
    <testcase time="0.00500000000002387" classname="run_mcmc" name="Check_that_the_outputs_are_correct_for_run_mcmc"/>
    <testcase time="0.00499999999999545" classname="run_mcmc" name="Check_that_the_outputs_are_correct_for_run_mcmc"/>
    <testcase time="0.00799999999998136" classname="run_mcmc" name="Check_that_the_outputs_are_correct_for_run_mcmc"/>
    <testcase time="0.00500000000002387" classname="run_mcmc" name="Check_that_the_outputs_are_correct_for_run_mcmc"/>
    <testcase time="0.00399999999999068" classname="run_mcmc" name="Check_that_the_outputs_are_correct_for_run_mcmc"/>
    <testcase time="0.00399999999999068" classname="run_mcmc" name="Check_that_the_outputs_are_correct_for_run_mcmc"/>
    <testcase time="0.00800000000000978" classname="run_mcmc" name="Check_that_the_outputs_are_correct_for_run_mcmc"/>
    <testcase time="0.00399999999999068" classname="run_mcmc" name="Check_that_the_outputs_are_correct_for_run_mcmc"/>
    <testcase time="0.0040000000000191" classname="run_mcmc" name="Check_that_the_outputs_are_correct_for_run_mcmc"/>
    <testcase time="0.00399999999999068" classname="run_mcmc" name="Check_that_the_outputs_are_correct_for_run_mcmc"/>
    <testcase time="0.00399999999999068" classname="run_mcmc" name="Check_that_the_outputs_are_correct_for_run_mcmc"/>
    <testcase time="0.0040000000000191" classname="run_mcmc" name="Check_that_the_outputs_are_correct_for_run_mcmc"/>
    <testcase time="0.00399999999999068" classname="run_mcmc" name="Check_that_the_outputs_are_correct_for_run_mcmc"/>
    <testcase time="0.00399999999999068" classname="run_mcmc" name="Check_that_the_outputs_are_correct_for_run_mcmc"/>
    <testcase time="0.0040000000000191" classname="run_mcmc" name="Check_that_the_outputs_are_correct_for_run_mcmc"/>
    <testcase time="0.00499999999999545" classname="run_mcmc" name="Check_that_the_outputs_are_correct_for_run_mcmc"/>
    <testcase time="0.00399999999999068" classname="run_mcmc" name="Check_that_the_outputs_are_correct_for_run_mcmc"/>
    <testcase time="0.00399999999999068" classname="run_mcmc" name="Check_that_the_outputs_are_correct_for_run_mcmc"/>
    <testcase time="0.0040000000000191" classname="run_mcmc" name="Check_that_the_outputs_are_correct_for_run_mcmc"/>
    <testcase time="0.00399999999999068" classname="run_mcmc" name="Check_that_the_outputs_are_correct_for_run_mcmc"/>
    <testcase time="0.00399999999999068" classname="run_mcmc" name="Check_that_the_outputs_are_correct_for_run_mcmc"/>
    <testcase time="0.0040000000000191" classname="run_mcmc" name="Check_that_the_outputs_are_correct_for_run_mcmc"/>
  </testsuite>
</testsuites>
