<?xml version="1.0" encoding="UTF-8"?>
<testsuites>
  <testsuite name="apply_mcmc" timestamp="2023-02-02T18:19:29Z" hostname="aaa29e91d6f9" tests="17" skipped="0" failures="0" errors="0" time="120.11">
    <testcase time="0.278" classname="apply_mcmc" name="apply_mcmc_can_recover_known_parameters_and_catches_errors"/>
    <testcase time="119.786" classname="apply_mcmc" name="apply_mcmc_can_recover_known_parameters_and_catches_errors"/>
    <testcase time="0.0169999999999959" classname="apply_mcmc" name="apply_mcmc_can_recover_known_parameters_and_catches_errors"/>
    <testcase time="0.00200000000000955" classname="apply_mcmc" name="apply_mcmc_can_recover_known_parameters_and_catches_errors"/>
    <testcase time="0.00199999999999534" classname="apply_mcmc" name="apply_mcmc_can_recover_known_parameters_and_catches_errors"/>
    <testcase time="0.00199999999999534" classname="apply_mcmc" name="apply_mcmc_can_recover_known_parameters_and_catches_errors"/>
    <testcase time="0.000999999999990564" classname="apply_mcmc" name="apply_mcmc_can_recover_known_parameters_and_catches_errors"/>
    <testcase time="0.00400000000000489" classname="apply_mcmc" name="apply_mcmc_can_recover_known_parameters_and_catches_errors"/>
    <testcase time="0.00199999999999534" classname="apply_mcmc" name="apply_mcmc_can_recover_known_parameters_and_catches_errors"/>
    <testcase time="0.00100000000000477" classname="apply_mcmc" name="apply_mcmc_can_recover_known_parameters_and_catches_errors"/>
    <testcase time="0.00199999999999534" classname="apply_mcmc" name="apply_mcmc_can_recover_known_parameters_and_catches_errors"/>
    <testcase time="0.00200000000000955" classname="apply_mcmc" name="apply_mcmc_can_recover_known_parameters_and_catches_errors"/>
    <testcase time="0.00199999999999534" classname="apply_mcmc" name="apply_mcmc_can_recover_known_parameters_and_catches_errors"/>
    <testcase time="0.00199999999999534" classname="apply_mcmc" name="apply_mcmc_can_recover_known_parameters_and_catches_errors"/>
    <testcase time="0.00200000000000955" classname="apply_mcmc" name="apply_mcmc_can_recover_known_parameters_and_catches_errors"/>
    <testcase time="0.00199999999999534" classname="apply_mcmc" name="apply_mcmc_can_recover_known_parameters_and_catches_errors"/>
    <testcase time="0.00300000000000011" classname="apply_mcmc" name="apply_mcmc_can_recover_known_parameters_and_catches_errors"/>
  </testsuite>
  <testsuite name="covariates" timestamp="2023-02-02T18:21:29Z" hostname="aaa29e91d6f9" tests="12" skipped="0" failures="0" errors="0" time="1.963">
    <testcase time="1.721" classname="covariates" name="Check_that_binary_probability_is_correct"/>
    <testcase time="0.00600000000000023" classname="covariates" name="Check_that_binary_probability_is_correct"/>
    <testcase time="0.165999999999997" classname="covariates" name="Check_that_Covariate_distributions_are_created_correctly"/>
    <testcase time="0.00600000000000023" classname="covariates" name="Check_that_Covariate_distributions_are_created_correctly"/>
    <testcase time="0.00600000000000023" classname="covariates" name="Check_that_Covariate_distributions_are_created_correctly"/>
    <testcase time="0.00600000000000023" classname="covariates" name="Check_that_Covariate_distributions_are_created_correctly"/>
    <testcase time="0.007000000000005" classname="covariates" name="Check_that_Covariate_distributions_are_created_correctly"/>
    <testcase time="0.00699999999999079" classname="covariates" name="Check_that_Covariate_distributions_are_created_correctly"/>
    <testcase time="0.00600000000000023" classname="covariates" name="Check_that_Covariate_distributions_are_created_correctly"/>
    <testcase time="0.00800000000000978" classname="covariates" name="Check_that_Covariate_distributions_are_created_correctly"/>
    <testcase time="0.0169999999999959" classname="covariates" name="Check_that_Covariate_distributions_are_created_correctly"/>
    <testcase time="0.00699999999999079" classname="covariates" name="Check_that_Covariate_distributions_are_created_correctly"/>
  </testsuite>
  <testsuite name="inputs" timestamp="2023-02-02T18:21:31Z" hostname="aaa29e91d6f9" tests="29" skipped="0" failures="0" errors="0" time="31.834">
    <testcase time="31.601" classname="inputs" name="inputs_are_correctly_carried_through_to_outputs"/>
    <testcase time="0.00899999999998613" classname="inputs" name="inputs_are_correctly_carried_through_to_outputs"/>
    <testcase time="0.00800000000000978" classname="inputs" name="inputs_are_correctly_carried_through_to_outputs"/>
    <testcase time="0.007000000000005" classname="inputs" name="inputs_are_correctly_carried_through_to_outputs"/>
    <testcase time="0.00699999999997658" classname="inputs" name="inputs_are_correctly_carried_through_to_outputs"/>
    <testcase time="0.00600000000000023" classname="inputs" name="inputs_are_correctly_carried_through_to_outputs"/>
    <testcase time="0.00900000000001455" classname="inputs" name="inputs_are_correctly_carried_through_to_outputs"/>
    <testcase time="0.00800000000000978" classname="inputs" name="inputs_are_correctly_carried_through_to_outputs"/>
    <testcase time="0.00799999999998136" classname="inputs" name="inputs_are_correctly_carried_through_to_outputs"/>
    <testcase time="0.007000000000005" classname="inputs" name="inputs_are_correctly_carried_through_to_outputs"/>
    <testcase time="0.007000000000005" classname="inputs" name="inputs_are_correctly_carried_through_to_outputs"/>
    <testcase time="0.00800000000000978" classname="inputs" name="inputs_are_correctly_carried_through_to_outputs"/>
    <testcase time="0.00799999999998136" classname="inputs" name="inputs_are_correctly_carried_through_to_outputs"/>
    <testcase time="0.00800000000000978" classname="inputs" name="inputs_are_correctly_carried_through_to_outputs"/>
    <testcase time="0.007000000000005" classname="inputs" name="inputs_are_correctly_carried_through_to_outputs"/>
    <testcase time="0.00799999999998136" classname="inputs" name="inputs_are_correctly_carried_through_to_outputs"/>
    <testcase time="0.00800000000000978" classname="inputs" name="inputs_are_correctly_carried_through_to_outputs"/>
    <testcase time="0.00800000000000978" classname="inputs" name="inputs_are_correctly_carried_through_to_outputs"/>
    <testcase time="0.00799999999998136" classname="inputs" name="inputs_are_correctly_carried_through_to_outputs"/>
    <testcase time="0.007000000000005" classname="inputs" name="inputs_are_correctly_carried_through_to_outputs"/>
    <testcase time="0.007000000000005" classname="inputs" name="inputs_are_correctly_carried_through_to_outputs"/>
    <testcase time="0.007000000000005" classname="inputs" name="inputs_are_correctly_carried_through_to_outputs"/>
    <testcase time="0.00799999999998136" classname="inputs" name="inputs_are_correctly_carried_through_to_outputs"/>
    <testcase time="0.007000000000005" classname="inputs" name="inputs_are_correctly_carried_through_to_outputs"/>
    <testcase time="0.00800000000000978" classname="inputs" name="inputs_are_correctly_carried_through_to_outputs"/>
    <testcase time="0.0269999999999868" classname="inputs" name="inputs_are_correctly_carried_through_to_outputs"/>
    <testcase time="0.00900000000001455" classname="inputs" name="inputs_are_correctly_carried_through_to_outputs"/>
    <testcase time="0.007000000000005" classname="inputs" name="inputs_are_correctly_carried_through_to_outputs"/>
    <testcase time="0.007000000000005" classname="inputs" name="inputs_are_correctly_carried_through_to_outputs"/>
  </testsuite>
  <testsuite name="messages" timestamp="2023-02-02T18:22:02Z" hostname="aaa29e91d6f9" tests="2" skipped="0" failures="0" errors="0" time="0.021">
    <testcase time="0.0149999999999864" classname="messages" name="Messages_for_set_cov_are_printed_only_when_appropriate"/>
    <testcase time="0.00600000000000023" classname="messages" name="Messages_for_set_cov_are_printed_only_when_appropriate"/>
  </testsuite>
  <testsuite name="parallel" timestamp="2023-02-02T18:22:02Z" hostname="aaa29e91d6f9" tests="1" skipped="0" failures="0" errors="0" time="33.939">
    <testcase time="33.939" classname="parallel" name="parallisation_works_as_expected"/>
  </testsuite>
  <testsuite name="plots" timestamp="2023-02-02T18:22:36Z" hostname="aaa29e91d6f9" tests="67" skipped="0" failures="0" errors="0" time="0.887">
    <testcase time="0.070999999999998" classname="plots" name="Ensure_errors_are_correct"/>
    <testcase time="0.00900000000001455" classname="plots" name="Ensure_errors_are_correct"/>
    <testcase time="0.00899999999998613" classname="plots" name="Ensure_errors_are_correct"/>
    <testcase time="0.01400000000001" classname="plots" name="Ensure_errors_are_correct"/>
    <testcase time="0.0149999999999864" classname="plots" name="Ensure_errors_are_correct"/>
    <testcase time="0.00900000000001455" classname="plots" name="Ensure_errors_are_correct"/>
    <testcase time="0.00999999999999091" classname="plots" name="Ensure_errors_are_correct"/>
    <testcase time="0.00900000000001455" classname="plots" name="Ensure_errors_are_correct"/>
    <testcase time="0.00999999999999091" classname="plots" name="Ensure_errors_are_correct"/>
    <testcase time="0.00900000000001455" classname="plots" name="Ensure_errors_are_correct"/>
    <testcase time="0.00899999999998613" classname="plots" name="Ensure_errors_are_correct"/>
    <testcase time="0.00999999999999091" classname="plots" name="Ensure_errors_are_correct"/>
    <testcase time="0.0100000000000193" classname="plots" name="Ensure_errors_are_correct"/>
    <testcase time="0.0109999999999957" classname="plots" name="Ensure_errors_are_correct"/>
    <testcase time="0.00999999999999091" classname="plots" name="Ensure_errors_are_correct"/>
    <testcase time="0.00999999999999091" classname="plots" name="Ensure_errors_are_correct"/>
    <testcase time="0.0260000000000105" classname="plots" name="Ensure_errors_are_correct"/>
    <testcase time="0.0130000000000052" classname="plots" name="Ensure_errors_are_correct"/>
    <testcase time="0.0109999999999957" classname="plots" name="Ensure_errors_are_correct"/>
    <testcase time="0.00999999999999091" classname="plots" name="Ensure_errors_are_correct"/>
    <testcase time="0.0100000000000193" classname="plots" name="Ensure_errors_are_correct"/>
    <testcase time="0.00999999999999091" classname="plots" name="Ensure_errors_are_correct"/>
    <testcase time="0.242999999999995" classname="plots" name="Ensure_output_is_producing_a_ggplot2_object_with_appropriate_parameters"/>
    <testcase time="0.007000000000005" classname="plots" name="Ensure_output_is_producing_a_ggplot2_object_with_appropriate_parameters"/>
    <testcase time="0.007000000000005" classname="plots" name="Ensure_output_is_producing_a_ggplot2_object_with_appropriate_parameters"/>
    <testcase time="0.007000000000005" classname="plots" name="Ensure_output_is_producing_a_ggplot2_object_with_appropriate_parameters"/>
    <testcase time="0.00699999999997658" classname="plots" name="Ensure_output_is_producing_a_ggplot2_object_with_appropriate_parameters"/>
    <testcase time="0.007000000000005" classname="plots" name="Ensure_output_is_producing_a_ggplot2_object_with_appropriate_parameters"/>
    <testcase time="0.007000000000005" classname="plots" name="Ensure_output_is_producing_a_ggplot2_object_with_appropriate_parameters"/>
    <testcase time="0.007000000000005" classname="plots" name="Ensure_output_is_producing_a_ggplot2_object_with_appropriate_parameters"/>
    <testcase time="0.007000000000005" classname="plots" name="Ensure_output_is_producing_a_ggplot2_object_with_appropriate_parameters"/>
    <testcase time="0.00600000000000023" classname="plots" name="Ensure_output_is_producing_a_ggplot2_object_with_appropriate_parameters"/>
    <testcase time="0.007000000000005" classname="plots" name="Ensure_output_is_producing_a_ggplot2_object_with_appropriate_parameters"/>
    <testcase time="0.00699999999997658" classname="plots" name="Ensure_output_is_producing_a_ggplot2_object_with_appropriate_parameters"/>
    <testcase time="0.00600000000000023" classname="plots" name="Ensure_output_is_producing_a_ggplot2_object_with_appropriate_parameters"/>
    <testcase time="0.007000000000005" classname="plots" name="Ensure_output_is_producing_a_ggplot2_object_with_appropriate_parameters"/>
    <testcase time="0.007000000000005" classname="plots" name="Ensure_output_is_producing_a_ggplot2_object_with_appropriate_parameters"/>
    <testcase time="0.00600000000000023" classname="plots" name="Ensure_output_is_producing_a_ggplot2_object_with_appropriate_parameters"/>
    <testcase time="0.00600000000000023" classname="plots" name="Ensure_output_is_producing_a_ggplot2_object_with_appropriate_parameters"/>
    <testcase time="0.00800000000000978" classname="plots" name="Ensure_output_is_producing_a_ggplot2_object_with_appropriate_parameters"/>
    <testcase time="0.00799999999998136" classname="plots" name="Ensure_output_is_producing_a_ggplot2_object_with_appropriate_parameters"/>
    <testcase time="0.007000000000005" classname="plots" name="Ensure_output_is_producing_a_ggplot2_object_with_appropriate_parameters"/>
    <testcase time="0.00800000000000978" classname="plots" name="Ensure_output_is_producing_a_ggplot2_object_with_appropriate_parameters"/>
    <testcase time="0.00799999999998136" classname="plots" name="Ensure_output_is_producing_a_ggplot2_object_with_appropriate_parameters"/>
    <testcase time="0.007000000000005" classname="plots" name="Ensure_output_is_producing_a_ggplot2_object_with_appropriate_parameters"/>
    <testcase time="0.00800000000000978" classname="plots" name="Ensure_output_is_producing_a_ggplot2_object_with_appropriate_parameters"/>
    <testcase time="0.0199999999999818" classname="plots" name="Ensure_output_is_producing_a_ggplot2_object_with_appropriate_parameters"/>
    <testcase time="0.00800000000000978" classname="plots" name="Ensure_output_is_producing_a_ggplot2_object_with_appropriate_parameters"/>
    <testcase time="0.00900000000001455" classname="plots" name="Ensure_output_is_producing_a_ggplot2_object_with_appropriate_parameters"/>
    <testcase time="0.00899999999998613" classname="plots" name="Ensure_output_is_producing_a_ggplot2_object_with_appropriate_parameters"/>
    <testcase time="0.007000000000005" classname="plots" name="Ensure_output_is_producing_a_ggplot2_object_with_appropriate_parameters"/>
    <testcase time="0.00800000000000978" classname="plots" name="Ensure_output_is_producing_a_ggplot2_object_with_appropriate_parameters"/>
    <testcase time="0.00699999999997658" classname="plots" name="Ensure_output_is_producing_a_ggplot2_object_with_appropriate_parameters"/>
    <testcase time="0.00800000000000978" classname="plots" name="Ensure_output_is_producing_a_ggplot2_object_with_appropriate_parameters"/>
    <testcase time="0.00600000000000023" classname="plots" name="Ensure_output_is_producing_a_ggplot2_object_with_appropriate_parameters"/>
    <testcase time="0.00800000000000978" classname="plots" name="Ensure_output_is_producing_a_ggplot2_object_with_appropriate_parameters"/>
    <testcase time="0.007000000000005" classname="plots" name="Ensure_output_is_producing_a_ggplot2_object_with_appropriate_parameters"/>
    <testcase time="0.00799999999998136" classname="plots" name="Ensure_output_is_producing_a_ggplot2_object_with_appropriate_parameters"/>
    <testcase time="0.007000000000005" classname="plots" name="Ensure_output_is_producing_a_ggplot2_object_with_appropriate_parameters"/>
    <testcase time="0.007000000000005" classname="plots" name="Ensure_output_is_producing_a_ggplot2_object_with_appropriate_parameters"/>
    <testcase time="0.00799999999998136" classname="plots" name="Ensure_output_is_producing_a_ggplot2_object_with_appropriate_parameters"/>
    <testcase time="0.00800000000000978" classname="plots" name="Ensure_output_is_producing_a_ggplot2_object_with_appropriate_parameters"/>
    <testcase time="0.00800000000000978" classname="plots" name="Ensure_output_is_producing_a_ggplot2_object_with_appropriate_parameters"/>
    <testcase time="0.00799999999998136" classname="plots" name="Ensure_output_is_producing_a_ggplot2_object_with_appropriate_parameters"/>
    <testcase time="0.00900000000001455" classname="plots" name="Ensure_output_is_producing_a_ggplot2_object_with_appropriate_parameters"/>
    <testcase time="0.00800000000000978" classname="plots" name="Ensure_output_is_producing_a_ggplot2_object_with_appropriate_parameters"/>
    <testcase time="0.00899999999998613" classname="plots" name="Ensure_output_is_producing_a_ggplot2_object_with_appropriate_parameters"/>
  </testsuite>
  <testsuite name="quiet" timestamp="2023-02-02T18:22:37Z" hostname="aaa29e91d6f9" tests="1" skipped="1" failures="0" errors="0" time="21.551">
    <testcase time="21.551" classname="quiet" name="Using_quiet_supresses_messages_as_expected">
      <skipped message="Reason: !Sys.getenv(&quot;RUN_ALL_TESTS&quot;) == TRUE is TRUE ('test-quiet.R:115')"/>
    </testcase>
  </testsuite>
  <testsuite name="run_mcmc" timestamp="2023-02-02T18:22:59Z" hostname="aaa29e91d6f9" tests="24" skipped="0" failures="0" errors="0" time="32.167">
    <testcase time="31.919" classname="run_mcmc" name="Check_that_the_outputs_are_correct_for_run_mcmc"/>
    <testcase time="0.0169999999999959" classname="run_mcmc" name="Check_that_the_outputs_are_correct_for_run_mcmc"/>
    <testcase time="0.0169999999999959" classname="run_mcmc" name="Check_that_the_outputs_are_correct_for_run_mcmc"/>
    <testcase time="0.0130000000000052" classname="run_mcmc" name="Check_that_the_outputs_are_correct_for_run_mcmc"/>
    <testcase time="0.00900000000001455" classname="run_mcmc" name="Check_that_the_outputs_are_correct_for_run_mcmc"/>
    <testcase time="0.00799999999998136" classname="run_mcmc" name="Check_that_the_outputs_are_correct_for_run_mcmc"/>
    <testcase time="0.00800000000000978" classname="run_mcmc" name="Check_that_the_outputs_are_correct_for_run_mcmc"/>
    <testcase time="0.00800000000000978" classname="run_mcmc" name="Check_that_the_outputs_are_correct_for_run_mcmc"/>
    <testcase time="0.00699999999997658" classname="run_mcmc" name="Check_that_the_outputs_are_correct_for_run_mcmc"/>
    <testcase time="0.007000000000005" classname="run_mcmc" name="Check_that_the_outputs_are_correct_for_run_mcmc"/>
    <testcase time="0.007000000000005" classname="run_mcmc" name="Check_that_the_outputs_are_correct_for_run_mcmc"/>
    <testcase time="0.0120000000000005" classname="run_mcmc" name="Check_that_the_outputs_are_correct_for_run_mcmc"/>
    <testcase time="0.0120000000000005" classname="run_mcmc" name="Check_that_the_outputs_are_correct_for_run_mcmc"/>
    <testcase time="0.00899999999998613" classname="run_mcmc" name="Check_that_the_outputs_are_correct_for_run_mcmc"/>
    <testcase time="0.007000000000005" classname="run_mcmc" name="Check_that_the_outputs_are_correct_for_run_mcmc"/>
    <testcase time="0.00999999999999091" classname="run_mcmc" name="Check_that_the_outputs_are_correct_for_run_mcmc"/>
    <testcase time="0.00800000000000978" classname="run_mcmc" name="Check_that_the_outputs_are_correct_for_run_mcmc"/>
    <testcase time="0.00900000000001455" classname="run_mcmc" name="Check_that_the_outputs_are_correct_for_run_mcmc"/>
    <testcase time="0.00699999999997658" classname="run_mcmc" name="Check_that_the_outputs_are_correct_for_run_mcmc"/>
    <testcase time="0.00800000000000978" classname="run_mcmc" name="Check_that_the_outputs_are_correct_for_run_mcmc"/>
    <testcase time="0.0409999999999968" classname="run_mcmc" name="Check_that_the_outputs_are_correct_for_run_mcmc"/>
    <testcase time="0.0100000000000193" classname="run_mcmc" name="Check_that_the_outputs_are_correct_for_run_mcmc"/>
    <testcase time="0.00699999999997658" classname="run_mcmc" name="Check_that_the_outputs_are_correct_for_run_mcmc"/>
    <testcase time="0.007000000000005" classname="run_mcmc" name="Check_that_the_outputs_are_correct_for_run_mcmc"/>
  </testsuite>
</testsuites>
