<?xml version="1.0" encoding="UTF-8"?>
<testsuites>
  <testsuite name="apply_mcmc" timestamp="2023-03-01T16:11:15Z" hostname="2118e1dd6367" tests="17" skipped="0" failures="0" errors="0" time="77.896">
    <testcase time="0.213" classname="apply_mcmc" name="apply_mcmc_can_recover_known_parameters_and_catches_errors"/>
    <testcase time="77.652" classname="apply_mcmc" name="apply_mcmc_can_recover_known_parameters_and_catches_errors"/>
    <testcase time="0.0110000000000099" classname="apply_mcmc" name="apply_mcmc_can_recover_known_parameters_and_catches_errors"/>
    <testcase time="0.00199999999999534" classname="apply_mcmc" name="apply_mcmc_can_recover_known_parameters_and_catches_errors"/>
    <testcase time="0.00100000000000477" classname="apply_mcmc" name="apply_mcmc_can_recover_known_parameters_and_catches_errors"/>
    <testcase time="0.000999999999990564" classname="apply_mcmc" name="apply_mcmc_can_recover_known_parameters_and_catches_errors"/>
    <testcase time="0.00200000000000955" classname="apply_mcmc" name="apply_mcmc_can_recover_known_parameters_and_catches_errors"/>
    <testcase time="0.000999999999990564" classname="apply_mcmc" name="apply_mcmc_can_recover_known_parameters_and_catches_errors"/>
    <testcase time="0.00100000000000477" classname="apply_mcmc" name="apply_mcmc_can_recover_known_parameters_and_catches_errors"/>
    <testcase time="0.00199999999999534" classname="apply_mcmc" name="apply_mcmc_can_recover_known_parameters_and_catches_errors"/>
    <testcase time="0.00100000000000477" classname="apply_mcmc" name="apply_mcmc_can_recover_known_parameters_and_catches_errors"/>
    <testcase time="0.00199999999999534" classname="apply_mcmc" name="apply_mcmc_can_recover_known_parameters_and_catches_errors"/>
    <testcase time="0.00100000000000477" classname="apply_mcmc" name="apply_mcmc_can_recover_known_parameters_and_catches_errors"/>
    <testcase time="0.00199999999999534" classname="apply_mcmc" name="apply_mcmc_can_recover_known_parameters_and_catches_errors"/>
    <testcase time="0.00100000000000477" classname="apply_mcmc" name="apply_mcmc_can_recover_known_parameters_and_catches_errors"/>
    <testcase time="0.00199999999999534" classname="apply_mcmc" name="apply_mcmc_can_recover_known_parameters_and_catches_errors"/>
    <testcase time="0.00100000000000477" classname="apply_mcmc" name="apply_mcmc_can_recover_known_parameters_and_catches_errors"/>
  </testsuite>
  <testsuite name="covariates" timestamp="2023-03-01T16:12:32Z" hostname="2118e1dd6367" tests="12" skipped="0" failures="0" errors="0" time="1.266">
    <testcase time="1.095" classname="covariates" name="Check_that_binary_probability_is_correct"/>
    <testcase time="0.00400000000000489" classname="covariates" name="Check_that_binary_probability_is_correct"/>
    <testcase time="0.122" classname="covariates" name="Check_that_Covariate_distributions_are_created_correctly"/>
    <testcase time="0.00499999999999545" classname="covariates" name="Check_that_Covariate_distributions_are_created_correctly"/>
    <testcase time="0.00400000000000489" classname="covariates" name="Check_that_Covariate_distributions_are_created_correctly"/>
    <testcase time="0.00399999999999068" classname="covariates" name="Check_that_Covariate_distributions_are_created_correctly"/>
    <testcase time="0.00400000000000489" classname="covariates" name="Check_that_Covariate_distributions_are_created_correctly"/>
    <testcase time="0.00400000000000489" classname="covariates" name="Check_that_Covariate_distributions_are_created_correctly"/>
    <testcase time="0.00499999999999545" classname="covariates" name="Check_that_Covariate_distributions_are_created_correctly"/>
    <testcase time="0.00400000000000489" classname="covariates" name="Check_that_Covariate_distributions_are_created_correctly"/>
    <testcase time="0.0109999999999957" classname="covariates" name="Check_that_Covariate_distributions_are_created_correctly"/>
    <testcase time="0.00400000000000489" classname="covariates" name="Check_that_Covariate_distributions_are_created_correctly"/>
  </testsuite>
  <testsuite name="inputs" timestamp="2023-03-01T16:12:34Z" hostname="2118e1dd6367" tests="29" skipped="0" failures="0" errors="0" time="21.476">
    <testcase time="21.338" classname="inputs" name="inputs_are_correctly_carried_through_to_outputs"/>
    <testcase time="0.00600000000000023" classname="inputs" name="inputs_are_correctly_carried_through_to_outputs"/>
    <testcase time="0.00499999999999545" classname="inputs" name="inputs_are_correctly_carried_through_to_outputs"/>
    <testcase time="0.00500000000000966" classname="inputs" name="inputs_are_correctly_carried_through_to_outputs"/>
    <testcase time="0.00399999999999068" classname="inputs" name="inputs_are_correctly_carried_through_to_outputs"/>
    <testcase time="0.00400000000000489" classname="inputs" name="inputs_are_correctly_carried_through_to_outputs"/>
    <testcase time="0.00499999999999545" classname="inputs" name="inputs_are_correctly_carried_through_to_outputs"/>
    <testcase time="0.00500000000000966" classname="inputs" name="inputs_are_correctly_carried_through_to_outputs"/>
    <testcase time="0.00499999999999545" classname="inputs" name="inputs_are_correctly_carried_through_to_outputs"/>
    <testcase time="0.00400000000000489" classname="inputs" name="inputs_are_correctly_carried_through_to_outputs"/>
    <testcase time="0.00399999999999068" classname="inputs" name="inputs_are_correctly_carried_through_to_outputs"/>
    <testcase time="0.00500000000000966" classname="inputs" name="inputs_are_correctly_carried_through_to_outputs"/>
    <testcase time="0.00600000000000023" classname="inputs" name="inputs_are_correctly_carried_through_to_outputs"/>
    <testcase time="0.00499999999999545" classname="inputs" name="inputs_are_correctly_carried_through_to_outputs"/>
    <testcase time="0.00400000000000489" classname="inputs" name="inputs_are_correctly_carried_through_to_outputs"/>
    <testcase time="0.00399999999999068" classname="inputs" name="inputs_are_correctly_carried_through_to_outputs"/>
    <testcase time="0.01400000000001" classname="inputs" name="inputs_are_correctly_carried_through_to_outputs"/>
    <testcase time="0.00499999999999545" classname="inputs" name="inputs_are_correctly_carried_through_to_outputs"/>
    <testcase time="0.00499999999999545" classname="inputs" name="inputs_are_correctly_carried_through_to_outputs"/>
    <testcase time="0.00400000000000489" classname="inputs" name="inputs_are_correctly_carried_through_to_outputs"/>
    <testcase time="0.00400000000000489" classname="inputs" name="inputs_are_correctly_carried_through_to_outputs"/>
    <testcase time="0.00499999999999545" classname="inputs" name="inputs_are_correctly_carried_through_to_outputs"/>
    <testcase time="0.00400000000000489" classname="inputs" name="inputs_are_correctly_carried_through_to_outputs"/>
    <testcase time="0.00399999999999068" classname="inputs" name="inputs_are_correctly_carried_through_to_outputs"/>
    <testcase time="0.00500000000000966" classname="inputs" name="inputs_are_correctly_carried_through_to_outputs"/>
    <testcase time="0.00399999999999068" classname="inputs" name="inputs_are_correctly_carried_through_to_outputs"/>
    <testcase time="0.00400000000000489" classname="inputs" name="inputs_are_correctly_carried_through_to_outputs"/>
    <testcase time="0.00399999999999068" classname="inputs" name="inputs_are_correctly_carried_through_to_outputs"/>
    <testcase time="0.00500000000000966" classname="inputs" name="inputs_are_correctly_carried_through_to_outputs"/>
  </testsuite>
  <testsuite name="messages" timestamp="2023-03-01T16:12:55Z" hostname="2118e1dd6367" tests="2" skipped="0" failures="0" errors="0" time="0.013">
    <testcase time="0.00900000000000034" classname="messages" name="Messages_for_set_cov_are_printed_only_when_appropriate"/>
    <testcase time="0.00399999999999068" classname="messages" name="Messages_for_set_cov_are_printed_only_when_appropriate"/>
  </testsuite>
  <testsuite name="parallel" timestamp="2023-03-01T16:12:55Z" hostname="2118e1dd6367" tests="1" skipped="0" failures="0" errors="0" time="27.148">
    <testcase time="27.148" classname="parallel" name="parallisation_works_as_expected"/>
  </testsuite>
  <testsuite name="plots" timestamp="2023-03-01T16:13:22Z" hostname="2118e1dd6367" tests="67" skipped="0" failures="0" errors="0" time="0.526">
    <testcase time="0.0550000000000068" classname="plots" name="Ensure_errors_are_correct"/>
    <testcase time="0.00499999999999545" classname="plots" name="Ensure_errors_are_correct"/>
    <testcase time="0.00600000000000023" classname="plots" name="Ensure_errors_are_correct"/>
    <testcase time="0.00499999999999545" classname="plots" name="Ensure_errors_are_correct"/>
    <testcase time="0.00600000000000023" classname="plots" name="Ensure_errors_are_correct"/>
    <testcase time="0.00500000000002387" classname="plots" name="Ensure_errors_are_correct"/>
    <testcase time="0.00600000000000023" classname="plots" name="Ensure_errors_are_correct"/>
    <testcase time="0.00499999999999545" classname="plots" name="Ensure_errors_are_correct"/>
    <testcase time="0.00600000000000023" classname="plots" name="Ensure_errors_are_correct"/>
    <testcase time="0.00499999999999545" classname="plots" name="Ensure_errors_are_correct"/>
    <testcase time="0.00600000000000023" classname="plots" name="Ensure_errors_are_correct"/>
    <testcase time="0.00499999999999545" classname="plots" name="Ensure_errors_are_correct"/>
    <testcase time="0.00600000000000023" classname="plots" name="Ensure_errors_are_correct"/>
    <testcase time="0.00600000000000023" classname="plots" name="Ensure_errors_are_correct"/>
    <testcase time="0.00499999999999545" classname="plots" name="Ensure_errors_are_correct"/>
    <testcase time="0.00600000000000023" classname="plots" name="Ensure_errors_are_correct"/>
    <testcase time="0.00499999999999545" classname="plots" name="Ensure_errors_are_correct"/>
    <testcase time="0.00600000000000023" classname="plots" name="Ensure_errors_are_correct"/>
    <testcase time="0.00600000000000023" classname="plots" name="Ensure_errors_are_correct"/>
    <testcase time="0.00499999999999545" classname="plots" name="Ensure_errors_are_correct"/>
    <testcase time="0.00600000000000023" classname="plots" name="Ensure_errors_are_correct"/>
    <testcase time="0.00500000000002387" classname="plots" name="Ensure_errors_are_correct"/>
    <testcase time="0.146999999999991" classname="plots" name="Ensure_output_is_producing_a_ggplot2_object_with_appropriate_parameters"/>
    <testcase time="0.00499999999999545" classname="plots" name="Ensure_output_is_producing_a_ggplot2_object_with_appropriate_parameters"/>
    <testcase time="0.00399999999999068" classname="plots" name="Ensure_output_is_producing_a_ggplot2_object_with_appropriate_parameters"/>
    <testcase time="0.00500000000002387" classname="plots" name="Ensure_output_is_producing_a_ggplot2_object_with_appropriate_parameters"/>
    <testcase time="0.00399999999999068" classname="plots" name="Ensure_output_is_producing_a_ggplot2_object_with_appropriate_parameters"/>
    <testcase time="0.00399999999999068" classname="plots" name="Ensure_output_is_producing_a_ggplot2_object_with_appropriate_parameters"/>
    <testcase time="0.00499999999999545" classname="plots" name="Ensure_output_is_producing_a_ggplot2_object_with_appropriate_parameters"/>
    <testcase time="0.0040000000000191" classname="plots" name="Ensure_output_is_producing_a_ggplot2_object_with_appropriate_parameters"/>
    <testcase time="0.00499999999999545" classname="plots" name="Ensure_output_is_producing_a_ggplot2_object_with_appropriate_parameters"/>
    <testcase time="0.00399999999999068" classname="plots" name="Ensure_output_is_producing_a_ggplot2_object_with_appropriate_parameters"/>
    <testcase time="0.00499999999999545" classname="plots" name="Ensure_output_is_producing_a_ggplot2_object_with_appropriate_parameters"/>
    <testcase time="0.0040000000000191" classname="plots" name="Ensure_output_is_producing_a_ggplot2_object_with_appropriate_parameters"/>
    <testcase time="0.00499999999999545" classname="plots" name="Ensure_output_is_producing_a_ggplot2_object_with_appropriate_parameters"/>
    <testcase time="0.00399999999999068" classname="plots" name="Ensure_output_is_producing_a_ggplot2_object_with_appropriate_parameters"/>
    <testcase time="0.0040000000000191" classname="plots" name="Ensure_output_is_producing_a_ggplot2_object_with_appropriate_parameters"/>
    <testcase time="0.00499999999999545" classname="plots" name="Ensure_output_is_producing_a_ggplot2_object_with_appropriate_parameters"/>
    <testcase time="0.00399999999999068" classname="plots" name="Ensure_output_is_producing_a_ggplot2_object_with_appropriate_parameters"/>
    <testcase time="0.00499999999999545" classname="plots" name="Ensure_output_is_producing_a_ggplot2_object_with_appropriate_parameters"/>
    <testcase time="0.0040000000000191" classname="plots" name="Ensure_output_is_producing_a_ggplot2_object_with_appropriate_parameters"/>
    <testcase time="0.00499999999999545" classname="plots" name="Ensure_output_is_producing_a_ggplot2_object_with_appropriate_parameters"/>
    <testcase time="0.00399999999999068" classname="plots" name="Ensure_output_is_producing_a_ggplot2_object_with_appropriate_parameters"/>
    <testcase time="0.00499999999999545" classname="plots" name="Ensure_output_is_producing_a_ggplot2_object_with_appropriate_parameters"/>
    <testcase time="0.00399999999999068" classname="plots" name="Ensure_output_is_producing_a_ggplot2_object_with_appropriate_parameters"/>
    <testcase time="0.0040000000000191" classname="plots" name="Ensure_output_is_producing_a_ggplot2_object_with_appropriate_parameters"/>
    <testcase time="0.00499999999999545" classname="plots" name="Ensure_output_is_producing_a_ggplot2_object_with_appropriate_parameters"/>
    <testcase time="0.00399999999999068" classname="plots" name="Ensure_output_is_producing_a_ggplot2_object_with_appropriate_parameters"/>
    <testcase time="0.00499999999999545" classname="plots" name="Ensure_output_is_producing_a_ggplot2_object_with_appropriate_parameters"/>
    <testcase time="0.0040000000000191" classname="plots" name="Ensure_output_is_producing_a_ggplot2_object_with_appropriate_parameters"/>
    <testcase time="0.00499999999999545" classname="plots" name="Ensure_output_is_producing_a_ggplot2_object_with_appropriate_parameters"/>
    <testcase time="0.00499999999999545" classname="plots" name="Ensure_output_is_producing_a_ggplot2_object_with_appropriate_parameters"/>
    <testcase time="0.00399999999999068" classname="plots" name="Ensure_output_is_producing_a_ggplot2_object_with_appropriate_parameters"/>
    <testcase time="0.00499999999999545" classname="plots" name="Ensure_output_is_producing_a_ggplot2_object_with_appropriate_parameters"/>
    <testcase time="0.00500000000002387" classname="plots" name="Ensure_output_is_producing_a_ggplot2_object_with_appropriate_parameters"/>
    <testcase time="0.00399999999999068" classname="plots" name="Ensure_output_is_producing_a_ggplot2_object_with_appropriate_parameters"/>
    <testcase time="0.00499999999999545" classname="plots" name="Ensure_output_is_producing_a_ggplot2_object_with_appropriate_parameters"/>
    <testcase time="0.00499999999999545" classname="plots" name="Ensure_output_is_producing_a_ggplot2_object_with_appropriate_parameters"/>
    <testcase time="0.0040000000000191" classname="plots" name="Ensure_output_is_producing_a_ggplot2_object_with_appropriate_parameters"/>
    <testcase time="0.0129999999999768" classname="plots" name="Ensure_output_is_producing_a_ggplot2_object_with_appropriate_parameters"/>
    <testcase time="0.00500000000002387" classname="plots" name="Ensure_output_is_producing_a_ggplot2_object_with_appropriate_parameters"/>
    <testcase time="0.00399999999999068" classname="plots" name="Ensure_output_is_producing_a_ggplot2_object_with_appropriate_parameters"/>
    <testcase time="0.00499999999999545" classname="plots" name="Ensure_output_is_producing_a_ggplot2_object_with_appropriate_parameters"/>
    <testcase time="0.00499999999999545" classname="plots" name="Ensure_output_is_producing_a_ggplot2_object_with_appropriate_parameters"/>
    <testcase time="0.0040000000000191" classname="plots" name="Ensure_output_is_producing_a_ggplot2_object_with_appropriate_parameters"/>
    <testcase time="0.00499999999999545" classname="plots" name="Ensure_output_is_producing_a_ggplot2_object_with_appropriate_parameters"/>
    <testcase time="0.00499999999999545" classname="plots" name="Ensure_output_is_producing_a_ggplot2_object_with_appropriate_parameters"/>
  </testsuite>
  <testsuite name="quiet" timestamp="2023-03-01T16:13:23Z" hostname="2118e1dd6367" tests="1" skipped="1" failures="0" errors="0" time="17.163">
    <testcase time="17.163" classname="quiet" name="Using_quiet_supresses_messages_as_expected">
      <skipped message="Reason: !Sys.getenv(&quot;RUN_ALL_TESTS&quot;) == TRUE is TRUE ('test-quiet.R:115')"/>
    </testcase>
  </testsuite>
  <testsuite name="run_mcmc" timestamp="2023-03-01T16:13:40Z" hostname="2118e1dd6367" tests="24" skipped="0" failures="0" errors="0" time="25.726">
    <testcase time="25.6" classname="run_mcmc" name="Check_that_the_outputs_are_correct_for_run_mcmc"/>
    <testcase time="0.0120000000000005" classname="run_mcmc" name="Check_that_the_outputs_are_correct_for_run_mcmc"/>
    <testcase time="0.0139999999999816" classname="run_mcmc" name="Check_that_the_outputs_are_correct_for_run_mcmc"/>
    <testcase time="0.01400000000001" classname="run_mcmc" name="Check_that_the_outputs_are_correct_for_run_mcmc"/>
    <testcase time="0.00499999999999545" classname="run_mcmc" name="Check_that_the_outputs_are_correct_for_run_mcmc"/>
    <testcase time="0.00499999999999545" classname="run_mcmc" name="Check_that_the_outputs_are_correct_for_run_mcmc"/>
    <testcase time="0.0040000000000191" classname="run_mcmc" name="Check_that_the_outputs_are_correct_for_run_mcmc"/>
    <testcase time="0.00399999999999068" classname="run_mcmc" name="Check_that_the_outputs_are_correct_for_run_mcmc"/>
    <testcase time="0.00399999999999068" classname="run_mcmc" name="Check_that_the_outputs_are_correct_for_run_mcmc"/>
    <testcase time="0.0040000000000191" classname="run_mcmc" name="Check_that_the_outputs_are_correct_for_run_mcmc"/>
    <testcase time="0.00499999999999545" classname="run_mcmc" name="Check_that_the_outputs_are_correct_for_run_mcmc"/>
    <testcase time="0.00399999999999068" classname="run_mcmc" name="Check_that_the_outputs_are_correct_for_run_mcmc"/>
    <testcase time="0.00399999999999068" classname="run_mcmc" name="Check_that_the_outputs_are_correct_for_run_mcmc"/>
    <testcase time="0.0040000000000191" classname="run_mcmc" name="Check_that_the_outputs_are_correct_for_run_mcmc"/>
    <testcase time="0.00399999999999068" classname="run_mcmc" name="Check_that_the_outputs_are_correct_for_run_mcmc"/>
    <testcase time="0.00499999999999545" classname="run_mcmc" name="Check_that_the_outputs_are_correct_for_run_mcmc"/>
    <testcase time="0.0040000000000191" classname="run_mcmc" name="Check_that_the_outputs_are_correct_for_run_mcmc"/>
    <testcase time="0.00399999999999068" classname="run_mcmc" name="Check_that_the_outputs_are_correct_for_run_mcmc"/>
    <testcase time="0.00399999999999068" classname="run_mcmc" name="Check_that_the_outputs_are_correct_for_run_mcmc"/>
    <testcase time="0.00499999999999545" classname="run_mcmc" name="Check_that_the_outputs_are_correct_for_run_mcmc"/>
    <testcase time="0.0040000000000191" classname="run_mcmc" name="Check_that_the_outputs_are_correct_for_run_mcmc"/>
    <testcase time="0.00399999999999068" classname="run_mcmc" name="Check_that_the_outputs_are_correct_for_run_mcmc"/>
    <testcase time="0.00399999999999068" classname="run_mcmc" name="Check_that_the_outputs_are_correct_for_run_mcmc"/>
    <testcase time="0.00500000000002387" classname="run_mcmc" name="Check_that_the_outputs_are_correct_for_run_mcmc"/>
  </testsuite>
</testsuites>
