<?xml version="1.0" encoding="UTF-8"?>
<testsuites>
  <testsuite name="apply_mcmc" timestamp="2023-03-01T14:26:26Z" hostname="a6ba194cbda6" tests="17" skipped="0" failures="0" errors="0" time="65.006">
    <testcase time="0.296" classname="apply_mcmc" name="apply_mcmc_can_recover_known_parameters_and_catches_errors"/>
    <testcase time="64.67" classname="apply_mcmc" name="apply_mcmc_can_recover_known_parameters_and_catches_errors"/>
    <testcase time="0.0139999999999958" classname="apply_mcmc" name="apply_mcmc_can_recover_known_parameters_and_catches_errors"/>
    <testcase time="0.00200000000000955" classname="apply_mcmc" name="apply_mcmc_can_recover_known_parameters_and_catches_errors"/>
    <testcase time="0.00199999999999534" classname="apply_mcmc" name="apply_mcmc_can_recover_known_parameters_and_catches_errors"/>
    <testcase time="0.00199999999999534" classname="apply_mcmc" name="apply_mcmc_can_recover_known_parameters_and_catches_errors"/>
    <testcase time="0.00100000000000477" classname="apply_mcmc" name="apply_mcmc_can_recover_known_parameters_and_catches_errors"/>
    <testcase time="0.00199999999999534" classname="apply_mcmc" name="apply_mcmc_can_recover_known_parameters_and_catches_errors"/>
    <testcase time="0.00199999999999534" classname="apply_mcmc" name="apply_mcmc_can_recover_known_parameters_and_catches_errors"/>
    <testcase time="0.00200000000000955" classname="apply_mcmc" name="apply_mcmc_can_recover_known_parameters_and_catches_errors"/>
    <testcase time="0.00199999999999534" classname="apply_mcmc" name="apply_mcmc_can_recover_known_parameters_and_catches_errors"/>
    <testcase time="0.00199999999999534" classname="apply_mcmc" name="apply_mcmc_can_recover_known_parameters_and_catches_errors"/>
    <testcase time="0.00200000000000955" classname="apply_mcmc" name="apply_mcmc_can_recover_known_parameters_and_catches_errors"/>
    <testcase time="0.00199999999999534" classname="apply_mcmc" name="apply_mcmc_can_recover_known_parameters_and_catches_errors"/>
    <testcase time="0.00199999999999534" classname="apply_mcmc" name="apply_mcmc_can_recover_known_parameters_and_catches_errors"/>
    <testcase time="0.00200000000000955" classname="apply_mcmc" name="apply_mcmc_can_recover_known_parameters_and_catches_errors"/>
    <testcase time="0.00100000000000477" classname="apply_mcmc" name="apply_mcmc_can_recover_known_parameters_and_catches_errors"/>
  </testsuite>
  <testsuite name="covariates" timestamp="2023-03-01T14:27:31Z" hostname="a6ba194cbda6" tests="12" skipped="0" failures="0" errors="0" time="1.735">
    <testcase time="1.512" classname="covariates" name="Check_that_binary_probability_is_correct"/>
    <testcase time="0.007000000000005" classname="covariates" name="Check_that_binary_probability_is_correct"/>
    <testcase time="0.146999999999991" classname="covariates" name="Check_that_Covariate_distributions_are_created_correctly"/>
    <testcase time="0.00600000000000023" classname="covariates" name="Check_that_Covariate_distributions_are_created_correctly"/>
    <testcase time="0.00600000000000023" classname="covariates" name="Check_that_Covariate_distributions_are_created_correctly"/>
    <testcase time="0.00600000000000023" classname="covariates" name="Check_that_Covariate_distributions_are_created_correctly"/>
    <testcase time="0.00600000000000023" classname="covariates" name="Check_that_Covariate_distributions_are_created_correctly"/>
    <testcase time="0.00600000000000023" classname="covariates" name="Check_that_Covariate_distributions_are_created_correctly"/>
    <testcase time="0.00600000000000023" classname="covariates" name="Check_that_Covariate_distributions_are_created_correctly"/>
    <testcase time="0.00600000000000023" classname="covariates" name="Check_that_Covariate_distributions_are_created_correctly"/>
    <testcase time="0.0210000000000008" classname="covariates" name="Check_that_Covariate_distributions_are_created_correctly"/>
    <testcase time="0.00600000000000023" classname="covariates" name="Check_that_Covariate_distributions_are_created_correctly"/>
  </testsuite>
  <testsuite name="inputs" timestamp="2023-03-01T14:27:33Z" hostname="a6ba194cbda6" tests="29" skipped="0" failures="0" errors="0" time="28.881">
    <testcase time="28.679" classname="inputs" name="inputs_are_correctly_carried_through_to_outputs"/>
    <testcase time="0.00799999999999557" classname="inputs" name="inputs_are_correctly_carried_through_to_outputs"/>
    <testcase time="0.00600000000000023" classname="inputs" name="inputs_are_correctly_carried_through_to_outputs"/>
    <testcase time="0.00800000000000978" classname="inputs" name="inputs_are_correctly_carried_through_to_outputs"/>
    <testcase time="0.00600000000000023" classname="inputs" name="inputs_are_correctly_carried_through_to_outputs"/>
    <testcase time="0.00699999999999079" classname="inputs" name="inputs_are_correctly_carried_through_to_outputs"/>
    <testcase time="0.007000000000005" classname="inputs" name="inputs_are_correctly_carried_through_to_outputs"/>
    <testcase time="0.00799999999999557" classname="inputs" name="inputs_are_correctly_carried_through_to_outputs"/>
    <testcase time="0.007000000000005" classname="inputs" name="inputs_are_correctly_carried_through_to_outputs"/>
    <testcase time="0.00600000000000023" classname="inputs" name="inputs_are_correctly_carried_through_to_outputs"/>
    <testcase time="0.007000000000005" classname="inputs" name="inputs_are_correctly_carried_through_to_outputs"/>
    <testcase time="0.00699999999999079" classname="inputs" name="inputs_are_correctly_carried_through_to_outputs"/>
    <testcase time="0.00800000000000978" classname="inputs" name="inputs_are_correctly_carried_through_to_outputs"/>
    <testcase time="0.00699999999999079" classname="inputs" name="inputs_are_correctly_carried_through_to_outputs"/>
    <testcase time="0.007000000000005" classname="inputs" name="inputs_are_correctly_carried_through_to_outputs"/>
    <testcase time="0.00699999999999079" classname="inputs" name="inputs_are_correctly_carried_through_to_outputs"/>
    <testcase time="0.0200000000000102" classname="inputs" name="inputs_are_correctly_carried_through_to_outputs"/>
    <testcase time="0.00699999999999079" classname="inputs" name="inputs_are_correctly_carried_through_to_outputs"/>
    <testcase time="0.007000000000005" classname="inputs" name="inputs_are_correctly_carried_through_to_outputs"/>
    <testcase time="0.007000000000005" classname="inputs" name="inputs_are_correctly_carried_through_to_outputs"/>
    <testcase time="0.00600000000000023" classname="inputs" name="inputs_are_correctly_carried_through_to_outputs"/>
    <testcase time="0.00600000000000023" classname="inputs" name="inputs_are_correctly_carried_through_to_outputs"/>
    <testcase time="0.00600000000000023" classname="inputs" name="inputs_are_correctly_carried_through_to_outputs"/>
    <testcase time="0.00600000000000023" classname="inputs" name="inputs_are_correctly_carried_through_to_outputs"/>
    <testcase time="0.00600000000000023" classname="inputs" name="inputs_are_correctly_carried_through_to_outputs"/>
    <testcase time="0.00600000000000023" classname="inputs" name="inputs_are_correctly_carried_through_to_outputs"/>
    <testcase time="0.007000000000005" classname="inputs" name="inputs_are_correctly_carried_through_to_outputs"/>
    <testcase time="0.00600000000000023" classname="inputs" name="inputs_are_correctly_carried_through_to_outputs"/>
    <testcase time="0.00600000000000023" classname="inputs" name="inputs_are_correctly_carried_through_to_outputs"/>
  </testsuite>
  <testsuite name="messages" timestamp="2023-03-01T14:28:01Z" hostname="a6ba194cbda6" tests="2" skipped="0" failures="0" errors="0" time="0.02">
    <testcase time="0.012999999999991" classname="messages" name="Messages_for_set_cov_are_printed_only_when_appropriate"/>
    <testcase time="0.007000000000005" classname="messages" name="Messages_for_set_cov_are_printed_only_when_appropriate"/>
  </testsuite>
  <testsuite name="parallel" timestamp="2023-03-01T14:28:01Z" hostname="a6ba194cbda6" tests="1" skipped="0" failures="0" errors="0" time="34.605">
    <testcase time="34.605" classname="parallel" name="parallisation_works_as_expected"/>
  </testsuite>
  <testsuite name="plots" timestamp="2023-03-01T14:28:36Z" hostname="a6ba194cbda6" tests="67" skipped="0" failures="0" errors="0" time="0.812">
    <testcase time="0.10299999999998" classname="plots" name="Ensure_errors_are_correct"/>
    <testcase time="0.0100000000000193" classname="plots" name="Ensure_errors_are_correct"/>
    <testcase time="0.00799999999998136" classname="plots" name="Ensure_errors_are_correct"/>
    <testcase time="0.00900000000001455" classname="plots" name="Ensure_errors_are_correct"/>
    <testcase time="0.00899999999998613" classname="plots" name="Ensure_errors_are_correct"/>
    <testcase time="0.00900000000001455" classname="plots" name="Ensure_errors_are_correct"/>
    <testcase time="0.00899999999998613" classname="plots" name="Ensure_errors_are_correct"/>
    <testcase time="0.00900000000001455" classname="plots" name="Ensure_errors_are_correct"/>
    <testcase time="0.00899999999998613" classname="plots" name="Ensure_errors_are_correct"/>
    <testcase time="0.00900000000001455" classname="plots" name="Ensure_errors_are_correct"/>
    <testcase time="0.0109999999999957" classname="plots" name="Ensure_errors_are_correct"/>
    <testcase time="0.00900000000001455" classname="plots" name="Ensure_errors_are_correct"/>
    <testcase time="0.00799999999998136" classname="plots" name="Ensure_errors_are_correct"/>
    <testcase time="0.00800000000000978" classname="plots" name="Ensure_errors_are_correct"/>
    <testcase time="0.00899999999998613" classname="plots" name="Ensure_errors_are_correct"/>
    <testcase time="0.00800000000000978" classname="plots" name="Ensure_errors_are_correct"/>
    <testcase time="0.00899999999998613" classname="plots" name="Ensure_errors_are_correct"/>
    <testcase time="0.00900000000001455" classname="plots" name="Ensure_errors_are_correct"/>
    <testcase time="0.00899999999998613" classname="plots" name="Ensure_errors_are_correct"/>
    <testcase time="0.00900000000001455" classname="plots" name="Ensure_errors_are_correct"/>
    <testcase time="0.00899999999998613" classname="plots" name="Ensure_errors_are_correct"/>
    <testcase time="0.00900000000001455" classname="plots" name="Ensure_errors_are_correct"/>
    <testcase time="0.217999999999989" classname="plots" name="Ensure_output_is_producing_a_ggplot2_object_with_appropriate_parameters"/>
    <testcase time="0.00600000000000023" classname="plots" name="Ensure_output_is_producing_a_ggplot2_object_with_appropriate_parameters"/>
    <testcase time="0.007000000000005" classname="plots" name="Ensure_output_is_producing_a_ggplot2_object_with_appropriate_parameters"/>
    <testcase time="0.007000000000005" classname="plots" name="Ensure_output_is_producing_a_ggplot2_object_with_appropriate_parameters"/>
    <testcase time="0.007000000000005" classname="plots" name="Ensure_output_is_producing_a_ggplot2_object_with_appropriate_parameters"/>
    <testcase time="0.00600000000000023" classname="plots" name="Ensure_output_is_producing_a_ggplot2_object_with_appropriate_parameters"/>
    <testcase time="0.00600000000000023" classname="plots" name="Ensure_output_is_producing_a_ggplot2_object_with_appropriate_parameters"/>
    <testcase time="0.00699999999997658" classname="plots" name="Ensure_output_is_producing_a_ggplot2_object_with_appropriate_parameters"/>
    <testcase time="0.007000000000005" classname="plots" name="Ensure_output_is_producing_a_ggplot2_object_with_appropriate_parameters"/>
    <testcase time="0.007000000000005" classname="plots" name="Ensure_output_is_producing_a_ggplot2_object_with_appropriate_parameters"/>
    <testcase time="0.00600000000000023" classname="plots" name="Ensure_output_is_producing_a_ggplot2_object_with_appropriate_parameters"/>
    <testcase time="0.007000000000005" classname="plots" name="Ensure_output_is_producing_a_ggplot2_object_with_appropriate_parameters"/>
    <testcase time="0.007000000000005" classname="plots" name="Ensure_output_is_producing_a_ggplot2_object_with_appropriate_parameters"/>
    <testcase time="0.00600000000000023" classname="plots" name="Ensure_output_is_producing_a_ggplot2_object_with_appropriate_parameters"/>
    <testcase time="0.00699999999997658" classname="plots" name="Ensure_output_is_producing_a_ggplot2_object_with_appropriate_parameters"/>
    <testcase time="0.007000000000005" classname="plots" name="Ensure_output_is_producing_a_ggplot2_object_with_appropriate_parameters"/>
    <testcase time="0.007000000000005" classname="plots" name="Ensure_output_is_producing_a_ggplot2_object_with_appropriate_parameters"/>
    <testcase time="0.00600000000000023" classname="plots" name="Ensure_output_is_producing_a_ggplot2_object_with_appropriate_parameters"/>
    <testcase time="0.007000000000005" classname="plots" name="Ensure_output_is_producing_a_ggplot2_object_with_appropriate_parameters"/>
    <testcase time="0.007000000000005" classname="plots" name="Ensure_output_is_producing_a_ggplot2_object_with_appropriate_parameters"/>
    <testcase time="0.007000000000005" classname="plots" name="Ensure_output_is_producing_a_ggplot2_object_with_appropriate_parameters"/>
    <testcase time="0.00799999999998136" classname="plots" name="Ensure_output_is_producing_a_ggplot2_object_with_appropriate_parameters"/>
    <testcase time="0.007000000000005" classname="plots" name="Ensure_output_is_producing_a_ggplot2_object_with_appropriate_parameters"/>
    <testcase time="0.00600000000000023" classname="plots" name="Ensure_output_is_producing_a_ggplot2_object_with_appropriate_parameters"/>
    <testcase time="0.007000000000005" classname="plots" name="Ensure_output_is_producing_a_ggplot2_object_with_appropriate_parameters"/>
    <testcase time="0.007000000000005" classname="plots" name="Ensure_output_is_producing_a_ggplot2_object_with_appropriate_parameters"/>
    <testcase time="0.00600000000000023" classname="plots" name="Ensure_output_is_producing_a_ggplot2_object_with_appropriate_parameters"/>
    <testcase time="0.007000000000005" classname="plots" name="Ensure_output_is_producing_a_ggplot2_object_with_appropriate_parameters"/>
    <testcase time="0.00600000000000023" classname="plots" name="Ensure_output_is_producing_a_ggplot2_object_with_appropriate_parameters"/>
    <testcase time="0.00699999999997658" classname="plots" name="Ensure_output_is_producing_a_ggplot2_object_with_appropriate_parameters"/>
    <testcase time="0.007000000000005" classname="plots" name="Ensure_output_is_producing_a_ggplot2_object_with_appropriate_parameters"/>
    <testcase time="0.00600000000000023" classname="plots" name="Ensure_output_is_producing_a_ggplot2_object_with_appropriate_parameters"/>
    <testcase time="0.00600000000000023" classname="plots" name="Ensure_output_is_producing_a_ggplot2_object_with_appropriate_parameters"/>
    <testcase time="0.00600000000000023" classname="plots" name="Ensure_output_is_producing_a_ggplot2_object_with_appropriate_parameters"/>
    <testcase time="0.007000000000005" classname="plots" name="Ensure_output_is_producing_a_ggplot2_object_with_appropriate_parameters"/>
    <testcase time="0.007000000000005" classname="plots" name="Ensure_output_is_producing_a_ggplot2_object_with_appropriate_parameters"/>
    <testcase time="0.00600000000000023" classname="plots" name="Ensure_output_is_producing_a_ggplot2_object_with_appropriate_parameters"/>
    <testcase time="0.0159999999999911" classname="plots" name="Ensure_output_is_producing_a_ggplot2_object_with_appropriate_parameters"/>
    <testcase time="0.00600000000000023" classname="plots" name="Ensure_output_is_producing_a_ggplot2_object_with_appropriate_parameters"/>
    <testcase time="0.007000000000005" classname="plots" name="Ensure_output_is_producing_a_ggplot2_object_with_appropriate_parameters"/>
    <testcase time="0.00600000000000023" classname="plots" name="Ensure_output_is_producing_a_ggplot2_object_with_appropriate_parameters"/>
    <testcase time="0.00799999999998136" classname="plots" name="Ensure_output_is_producing_a_ggplot2_object_with_appropriate_parameters"/>
    <testcase time="0.007000000000005" classname="plots" name="Ensure_output_is_producing_a_ggplot2_object_with_appropriate_parameters"/>
    <testcase time="0.007000000000005" classname="plots" name="Ensure_output_is_producing_a_ggplot2_object_with_appropriate_parameters"/>
    <testcase time="0.00600000000000023" classname="plots" name="Ensure_output_is_producing_a_ggplot2_object_with_appropriate_parameters"/>
  </testsuite>
  <testsuite name="quiet" timestamp="2023-03-01T14:28:37Z" hostname="a6ba194cbda6" tests="1" skipped="1" failures="0" errors="0" time="23.819">
    <testcase time="23.819" classname="quiet" name="Using_quiet_supresses_messages_as_expected">
      <skipped message="Reason: !Sys.getenv(&quot;RUN_ALL_TESTS&quot;) == TRUE is TRUE ('test-quiet.R:115')"/>
    </testcase>
  </testsuite>
  <testsuite name="run_mcmc" timestamp="2023-03-01T14:29:01Z" hostname="a6ba194cbda6" tests="24" skipped="0" failures="0" errors="0" time="33.922">
    <testcase time="33.724" classname="run_mcmc" name="Check_that_the_outputs_are_correct_for_run_mcmc"/>
    <testcase time="0.0240000000000009" classname="run_mcmc" name="Check_that_the_outputs_are_correct_for_run_mcmc"/>
    <testcase time="0.0190000000000055" classname="run_mcmc" name="Check_that_the_outputs_are_correct_for_run_mcmc"/>
    <testcase time="0.0139999999999816" classname="run_mcmc" name="Check_that_the_outputs_are_correct_for_run_mcmc"/>
    <testcase time="0.00800000000000978" classname="run_mcmc" name="Check_that_the_outputs_are_correct_for_run_mcmc"/>
    <testcase time="0.00600000000000023" classname="run_mcmc" name="Check_that_the_outputs_are_correct_for_run_mcmc"/>
    <testcase time="0.00800000000000978" classname="run_mcmc" name="Check_that_the_outputs_are_correct_for_run_mcmc"/>
    <testcase time="0.00799999999998136" classname="run_mcmc" name="Check_that_the_outputs_are_correct_for_run_mcmc"/>
    <testcase time="0.00600000000000023" classname="run_mcmc" name="Check_that_the_outputs_are_correct_for_run_mcmc"/>
    <testcase time="0.00600000000000023" classname="run_mcmc" name="Check_that_the_outputs_are_correct_for_run_mcmc"/>
    <testcase time="0.00600000000000023" classname="run_mcmc" name="Check_that_the_outputs_are_correct_for_run_mcmc"/>
    <testcase time="0.00600000000000023" classname="run_mcmc" name="Check_that_the_outputs_are_correct_for_run_mcmc"/>
    <testcase time="0.00600000000000023" classname="run_mcmc" name="Check_that_the_outputs_are_correct_for_run_mcmc"/>
    <testcase time="0.007000000000005" classname="run_mcmc" name="Check_that_the_outputs_are_correct_for_run_mcmc"/>
    <testcase time="0.00600000000000023" classname="run_mcmc" name="Check_that_the_outputs_are_correct_for_run_mcmc"/>
    <testcase time="0.00999999999999091" classname="run_mcmc" name="Check_that_the_outputs_are_correct_for_run_mcmc"/>
    <testcase time="0.007000000000005" classname="run_mcmc" name="Check_that_the_outputs_are_correct_for_run_mcmc"/>
    <testcase time="0.00800000000000978" classname="run_mcmc" name="Check_that_the_outputs_are_correct_for_run_mcmc"/>
    <testcase time="0.00899999999998613" classname="run_mcmc" name="Check_that_the_outputs_are_correct_for_run_mcmc"/>
    <testcase time="0.007000000000005" classname="run_mcmc" name="Check_that_the_outputs_are_correct_for_run_mcmc"/>
    <testcase time="0.007000000000005" classname="run_mcmc" name="Check_that_the_outputs_are_correct_for_run_mcmc"/>
    <testcase time="0.00600000000000023" classname="run_mcmc" name="Check_that_the_outputs_are_correct_for_run_mcmc"/>
    <testcase time="0.00800000000000978" classname="run_mcmc" name="Check_that_the_outputs_are_correct_for_run_mcmc"/>
    <testcase time="0.00600000000000023" classname="run_mcmc" name="Check_that_the_outputs_are_correct_for_run_mcmc"/>
  </testsuite>
</testsuites>
