<?xml version="1.0" encoding="UTF-8"?>
<testsuites>
  <testsuite name="apply_mcmc" timestamp="2025-06-23T13:29:40Z" hostname="7fb92e3dcd50" tests="19" skipped="0" failures="0" errors="0" time="36.118">
    <testcase time="0.106" classname="apply_mcmc" name="apply_mcmc_can_recover_known_parameters_and_catches_errors"/>
    <testcase time="34.743" classname="apply_mcmc" name="apply_mcmc_can_recover_known_parameters_and_catches_errors"/>
    <testcase time="0.007000000000005" classname="apply_mcmc" name="apply_mcmc_can_recover_known_parameters_and_catches_errors"/>
    <testcase time="0.128999999999998" classname="apply_mcmc" name="apply_mcmc_can_recover_known_parameters_and_catches_errors"/>
    <testcase time="0.00200000000000244" classname="apply_mcmc" name="apply_mcmc_can_recover_known_parameters_and_catches_errors"/>
    <testcase time="0.000999999999997669" classname="apply_mcmc" name="apply_mcmc_can_recover_known_parameters_and_catches_errors"/>
    <testcase time="0.000999999999997669" classname="apply_mcmc" name="apply_mcmc_can_recover_known_parameters_and_catches_errors"/>
    <testcase time="0.00100000000000477" classname="apply_mcmc" name="apply_mcmc_can_recover_known_parameters_and_catches_errors"/>
    <testcase time="0.00199999999999534" classname="apply_mcmc" name="apply_mcmc_can_recover_known_parameters_and_catches_errors"/>
    <testcase time="0.00100000000000477" classname="apply_mcmc" name="apply_mcmc_can_recover_known_parameters_and_catches_errors"/>
    <testcase time="0.000999999999997669" classname="apply_mcmc" name="apply_mcmc_can_recover_known_parameters_and_catches_errors"/>
    <testcase time="0.000999999999997669" classname="apply_mcmc" name="apply_mcmc_can_recover_known_parameters_and_catches_errors"/>
    <testcase time="0.00100000000000477" classname="apply_mcmc" name="apply_mcmc_can_recover_known_parameters_and_catches_errors"/>
    <testcase time="0.000999999999997669" classname="apply_mcmc" name="apply_mcmc_can_recover_known_parameters_and_catches_errors"/>
    <testcase time="0.000999999999997669" classname="apply_mcmc" name="apply_mcmc_can_recover_known_parameters_and_catches_errors"/>
    <testcase time="0.00100000000000477" classname="apply_mcmc" name="apply_mcmc_can_recover_known_parameters_and_catches_errors"/>
    <testcase time="0.00199999999999534" classname="apply_mcmc" name="apply_mcmc_can_recover_known_parameters_and_catches_errors"/>
    <testcase time="1.113" classname="apply_mcmc" name="apply_mcmc_works_with_one_covariate"/>
    <testcase time="0.00400000000000489" classname="apply_mcmc" name="apply_mcmc_works_with_one_covariate"/>
  </testsuite>
  <testsuite name="covariates" timestamp="2025-06-23T13:30:16Z" hostname="7fb92e3dcd50" tests="12" skipped="0" failures="0" errors="0" time="0.848">
    <testcase time="0.711999999999996" classname="covariates" name="Check_that_binary_probability_is_correct"/>
    <testcase time="0.017000000000003" classname="covariates" name="Check_that_binary_probability_is_correct"/>
    <testcase time="0.0799999999999983" classname="covariates" name="Check_that_Covariate_distributions_are_created_correctly"/>
    <testcase time="0.00399999999999778" classname="covariates" name="Check_that_Covariate_distributions_are_created_correctly"/>
    <testcase time="0.00400000000000489" classname="covariates" name="Check_that_Covariate_distributions_are_created_correctly"/>
    <testcase time="0.00399999999999778" classname="covariates" name="Check_that_Covariate_distributions_are_created_correctly"/>
    <testcase time="0.00399999999999778" classname="covariates" name="Check_that_Covariate_distributions_are_created_correctly"/>
    <testcase time="0.00400000000000489" classname="covariates" name="Check_that_Covariate_distributions_are_created_correctly"/>
    <testcase time="0.00399999999999778" classname="covariates" name="Check_that_Covariate_distributions_are_created_correctly"/>
    <testcase time="0.00300000000000011" classname="covariates" name="Check_that_Covariate_distributions_are_created_correctly"/>
    <testcase time="0.00800000000000267" classname="covariates" name="Check_that_Covariate_distributions_are_created_correctly"/>
    <testcase time="0.00399999999999778" classname="covariates" name="Check_that_Covariate_distributions_are_created_correctly"/>
  </testsuite>
  <testsuite name="inputs" timestamp="2025-06-23T13:30:17Z" hostname="7fb92e3dcd50" tests="29" skipped="0" failures="0" errors="0" time="13.124">
    <testcase time="13.04" classname="inputs" name="inputs_are_correctly_carried_through_to_outputs"/>
    <testcase time="0.00300000000000011" classname="inputs" name="inputs_are_correctly_carried_through_to_outputs"/>
    <testcase time="0.00400000000000489" classname="inputs" name="inputs_are_correctly_carried_through_to_outputs"/>
    <testcase time="0.00300000000000011" classname="inputs" name="inputs_are_correctly_carried_through_to_outputs"/>
    <testcase time="0.00300000000000011" classname="inputs" name="inputs_are_correctly_carried_through_to_outputs"/>
    <testcase time="0.00300000000000011" classname="inputs" name="inputs_are_correctly_carried_through_to_outputs"/>
    <testcase time="0.00300000000000011" classname="inputs" name="inputs_are_correctly_carried_through_to_outputs"/>
    <testcase time="0.00300000000000011" classname="inputs" name="inputs_are_correctly_carried_through_to_outputs"/>
    <testcase time="0.00300000000000011" classname="inputs" name="inputs_are_correctly_carried_through_to_outputs"/>
    <testcase time="0.00300000000000011" classname="inputs" name="inputs_are_correctly_carried_through_to_outputs"/>
    <testcase time="0.00199999999999534" classname="inputs" name="inputs_are_correctly_carried_through_to_outputs"/>
    <testcase time="0.00400000000000489" classname="inputs" name="inputs_are_correctly_carried_through_to_outputs"/>
    <testcase time="0.00300000000000011" classname="inputs" name="inputs_are_correctly_carried_through_to_outputs"/>
    <testcase time="0.00399999999999778" classname="inputs" name="inputs_are_correctly_carried_through_to_outputs"/>
    <testcase time="0.00200000000000244" classname="inputs" name="inputs_are_correctly_carried_through_to_outputs"/>
    <testcase time="0.00300000000000011" classname="inputs" name="inputs_are_correctly_carried_through_to_outputs"/>
    <testcase time="0.00399999999999778" classname="inputs" name="inputs_are_correctly_carried_through_to_outputs"/>
    <testcase time="0.00300000000000011" classname="inputs" name="inputs_are_correctly_carried_through_to_outputs"/>
    <testcase time="0.00300000000000011" classname="inputs" name="inputs_are_correctly_carried_through_to_outputs"/>
    <testcase time="0.00300000000000011" classname="inputs" name="inputs_are_correctly_carried_through_to_outputs"/>
    <testcase time="0.00300000000000011" classname="inputs" name="inputs_are_correctly_carried_through_to_outputs"/>
    <testcase time="0.00300000000000011" classname="inputs" name="inputs_are_correctly_carried_through_to_outputs"/>
    <testcase time="0.00300000000000011" classname="inputs" name="inputs_are_correctly_carried_through_to_outputs"/>
    <testcase time="0.00200000000000244" classname="inputs" name="inputs_are_correctly_carried_through_to_outputs"/>
    <testcase time="0.00300000000000011" classname="inputs" name="inputs_are_correctly_carried_through_to_outputs"/>
    <testcase time="0.00300000000000011" classname="inputs" name="inputs_are_correctly_carried_through_to_outputs"/>
    <testcase time="0.00300000000000011" classname="inputs" name="inputs_are_correctly_carried_through_to_outputs"/>
    <testcase time="0.00300000000000011" classname="inputs" name="inputs_are_correctly_carried_through_to_outputs"/>
    <testcase time="0.00199999999999534" classname="inputs" name="inputs_are_correctly_carried_through_to_outputs"/>
  </testsuite>
  <testsuite name="messages" timestamp="2025-06-23T13:30:30Z" hostname="7fb92e3dcd50" tests="2" skipped="0" failures="0" errors="0" time="0.01">
    <testcase time="0.00800000000000267" classname="messages" name="Messages_for_set_cov_are_printed_only_when_appropriate"/>
    <testcase time="0.00199999999999534" classname="messages" name="Messages_for_set_cov_are_printed_only_when_appropriate"/>
  </testsuite>
  <testsuite name="parallel" timestamp="2025-06-23T13:30:30Z" hostname="7fb92e3dcd50" tests="1" skipped="0" failures="0" errors="0" time="13.162">
    <testcase time="13.162" classname="parallel" name="parallisation_works_as_expected"/>
  </testsuite>
  <testsuite name="plots" timestamp="2025-06-23T13:30:43Z" hostname="7fb92e3dcd50" tests="61" skipped="0" failures="0" errors="0" time="1.286">
    <testcase time="0.019999999999996" classname="plots" name="Ensure_errors_are_correct"/>
    <testcase time="0.00500000000000966" classname="plots" name="Ensure_errors_are_correct"/>
    <testcase time="0.00399999999999068" classname="plots" name="Ensure_errors_are_correct"/>
    <testcase time="0.00400000000000489" classname="plots" name="Ensure_errors_are_correct"/>
    <testcase time="0.00499999999999545" classname="plots" name="Ensure_errors_are_correct"/>
    <testcase time="0.00400000000000489" classname="plots" name="Ensure_errors_are_correct"/>
    <testcase time="0.00400000000000489" classname="plots" name="Ensure_errors_are_correct"/>
    <testcase time="0.00399999999999068" classname="plots" name="Ensure_errors_are_correct"/>
    <testcase time="0.00499999999999545" classname="plots" name="Ensure_errors_are_correct"/>
    <testcase time="0.00400000000000489" classname="plots" name="Ensure_errors_are_correct"/>
    <testcase time="0.00400000000000489" classname="plots" name="Ensure_errors_are_correct"/>
    <testcase time="0.00499999999999545" classname="plots" name="Ensure_errors_are_correct"/>
    <testcase time="0.00400000000000489" classname="plots" name="Ensure_errors_are_correct"/>
    <testcase time="0.00399999999999068" classname="plots" name="Ensure_errors_are_correct"/>
    <testcase time="0.00500000000000966" classname="plots" name="Ensure_errors_are_correct"/>
    <testcase time="0.00399999999999068" classname="plots" name="Ensure_errors_are_correct"/>
    <testcase time="0.00500000000000966" classname="plots" name="Ensure_errors_are_correct"/>
    <testcase time="0.00399999999999068" classname="plots" name="Ensure_errors_are_correct"/>
    <testcase time="0.00500000000000966" classname="plots" name="Ensure_errors_are_correct"/>
    <testcase time="0.00399999999999068" classname="plots" name="Ensure_errors_are_correct"/>
    <testcase time="0.00400000000000489" classname="plots" name="Ensure_errors_are_correct"/>
    <testcase time="0.00499999999999545" classname="plots" name="Ensure_errors_are_correct"/>
    <testcase time="0.14800000000001" classname="plots" name="Ensure_output_is_producing_a_ggplot2_object_with_appropriate_parameters"/>
    <testcase time="0.000999999999990564" classname="plots" name="Ensure_output_is_producing_a_ggplot2_object_with_appropriate_parameters"/>
    <testcase time="0.00100000000000477" classname="plots" name="Ensure_output_is_producing_a_ggplot2_object_with_appropriate_parameters"/>
    <testcase time="0.00100000000000477" classname="plots" name="Ensure_output_is_producing_a_ggplot2_object_with_appropriate_parameters"/>
    <testcase time="0.000999999999990564" classname="plots" name="Ensure_output_is_producing_a_ggplot2_object_with_appropriate_parameters"/>
    <testcase time="0.00200000000000955" classname="plots" name="Ensure_output_is_producing_a_ggplot2_object_with_appropriate_parameters"/>
    <testcase time="0.000999999999990564" classname="plots" name="Ensure_output_is_producing_a_ggplot2_object_with_appropriate_parameters"/>
    <testcase time="0.00100000000000477" classname="plots" name="Ensure_output_is_producing_a_ggplot2_object_with_appropriate_parameters"/>
    <testcase time="0.00100000000000477" classname="plots" name="Ensure_output_is_producing_a_ggplot2_object_with_appropriate_parameters"/>
    <testcase time="0.000999999999990564" classname="plots" name="Ensure_output_is_producing_a_ggplot2_object_with_appropriate_parameters"/>
    <testcase time="0.00500000000000966" classname="plots" name="Ensure_output_is_producing_a_ggplot2_object_with_appropriate_parameters"/>
    <testcase time="0.0789999999999935" classname="plots" name="Ensure_output_is_producing_a_ggplot2_object_with_appropriate_parameters"/>
    <testcase time="0.00300000000000011" classname="plots" name="Ensure_output_is_producing_a_ggplot2_object_with_appropriate_parameters"/>
    <testcase time="0.0580000000000069" classname="plots" name="Ensure_output_is_producing_a_ggplot2_object_with_appropriate_parameters"/>
    <testcase time="0.00199999999999534" classname="plots" name="Ensure_output_is_producing_a_ggplot2_object_with_appropriate_parameters"/>
    <testcase time="0.0519999999999925" classname="plots" name="Ensure_output_is_producing_a_ggplot2_object_with_appropriate_parameters"/>
    <testcase time="0.00300000000000011" classname="plots" name="Ensure_output_is_producing_a_ggplot2_object_with_appropriate_parameters"/>
    <testcase time="0.0510000000000019" classname="plots" name="Ensure_output_is_producing_a_ggplot2_object_with_appropriate_parameters"/>
    <testcase time="0.00200000000000955" classname="plots" name="Ensure_output_is_producing_a_ggplot2_object_with_appropriate_parameters"/>
    <testcase time="0.00300000000000011" classname="plots" name="Ensure_output_is_producing_a_ggplot2_object_with_appropriate_parameters"/>
    <testcase time="0.00300000000000011" classname="plots" name="Ensure_output_is_producing_a_ggplot2_object_with_appropriate_parameters"/>
    <testcase time="0.00300000000000011" classname="plots" name="Ensure_output_is_producing_a_ggplot2_object_with_appropriate_parameters"/>
    <testcase time="0.00300000000000011" classname="plots" name="Ensure_output_is_producing_a_ggplot2_object_with_appropriate_parameters"/>
    <testcase time="0.00300000000000011" classname="plots" name="Ensure_output_is_producing_a_ggplot2_object_with_appropriate_parameters"/>
    <testcase time="0.0539999999999878" classname="plots" name="Ensure_output_is_producing_a_ggplot2_object_with_appropriate_parameters"/>
    <testcase time="0.0500000000000114" classname="plots" name="Ensure_output_is_producing_a_ggplot2_object_with_appropriate_parameters"/>
    <testcase time="0.0409999999999968" classname="plots" name="Ensure_output_is_producing_a_ggplot2_object_with_appropriate_parameters"/>
    <testcase time="0.0510000000000019" classname="plots" name="Ensure_output_is_producing_a_ggplot2_object_with_appropriate_parameters"/>
    <testcase time="0.054000000000002" classname="plots" name="Ensure_output_is_producing_a_ggplot2_object_with_appropriate_parameters"/>
    <testcase time="0.039999999999992" classname="plots" name="Ensure_output_is_producing_a_ggplot2_object_with_appropriate_parameters"/>
    <testcase time="0.0570000000000022" classname="plots" name="Ensure_output_is_producing_a_ggplot2_object_with_appropriate_parameters"/>
    <testcase time="0.0609999999999928" classname="plots" name="Ensure_output_is_producing_a_ggplot2_object_with_appropriate_parameters"/>
    <testcase time="0.0450000000000017" classname="plots" name="Ensure_output_is_producing_a_ggplot2_object_with_appropriate_parameters"/>
    <testcase time="0.0520000000000067" classname="plots" name="Ensure_output_is_producing_a_ggplot2_object_with_appropriate_parameters"/>
    <testcase time="0.0529999999999973" classname="plots" name="Ensure_output_is_producing_a_ggplot2_object_with_appropriate_parameters"/>
    <testcase time="0.0450000000000017" classname="plots" name="Ensure_output_is_producing_a_ggplot2_object_with_appropriate_parameters"/>
    <testcase time="0.0519999999999925" classname="plots" name="Ensure_output_is_producing_a_ggplot2_object_with_appropriate_parameters"/>
    <testcase time="0.0500000000000114" classname="plots" name="Ensure_output_is_producing_a_ggplot2_object_with_appropriate_parameters"/>
    <testcase time="0.0409999999999968" classname="plots" name="Ensure_output_is_producing_a_ggplot2_object_with_appropriate_parameters"/>
  </testsuite>
  <testsuite name="quiet" timestamp="2025-06-23T13:30:45Z" hostname="7fb92e3dcd50" tests="1" skipped="1" failures="0" errors="0" time="9.367">
    <testcase time="9.367" classname="quiet" name="Using_quiet_supresses_messages_as_expected">
      <skipped message="Reason: !Sys.getenv(&quot;RUN_ALL_TESTS&quot;) == TRUE is TRUE ('test-quiet.R:115:5')"/>
    </testcase>
  </testsuite>
  <testsuite name="run_mcmc" timestamp="2025-06-23T13:30:54Z" hostname="7fb92e3dcd50" tests="24" skipped="0" failures="0" errors="0" time="13.078">
    <testcase time="13.013" classname="run_mcmc" name="Check_that_the_outputs_are_correct_for_run_mcmc"/>
    <testcase time="0.00300000000000011" classname="run_mcmc" name="Check_that_the_outputs_are_correct_for_run_mcmc"/>
    <testcase time="0.00300000000000011" classname="run_mcmc" name="Check_that_the_outputs_are_correct_for_run_mcmc"/>
    <testcase time="0.00400000000000489" classname="run_mcmc" name="Check_that_the_outputs_are_correct_for_run_mcmc"/>
    <testcase time="0.00300000000000011" classname="run_mcmc" name="Check_that_the_outputs_are_correct_for_run_mcmc"/>
    <testcase time="0.00400000000000489" classname="run_mcmc" name="Check_that_the_outputs_are_correct_for_run_mcmc"/>
    <testcase time="0.00199999999999534" classname="run_mcmc" name="Check_that_the_outputs_are_correct_for_run_mcmc"/>
    <testcase time="0.00300000000000011" classname="run_mcmc" name="Check_that_the_outputs_are_correct_for_run_mcmc"/>
    <testcase time="0.00300000000000011" classname="run_mcmc" name="Check_that_the_outputs_are_correct_for_run_mcmc"/>
    <testcase time="0.00300000000000011" classname="run_mcmc" name="Check_that_the_outputs_are_correct_for_run_mcmc"/>
    <testcase time="0.00199999999999534" classname="run_mcmc" name="Check_that_the_outputs_are_correct_for_run_mcmc"/>
    <testcase time="0.00300000000000011" classname="run_mcmc" name="Check_that_the_outputs_are_correct_for_run_mcmc"/>
    <testcase time="0.00300000000000011" classname="run_mcmc" name="Check_that_the_outputs_are_correct_for_run_mcmc"/>
    <testcase time="0.00300000000000011" classname="run_mcmc" name="Check_that_the_outputs_are_correct_for_run_mcmc"/>
    <testcase time="0.00199999999999534" classname="run_mcmc" name="Check_that_the_outputs_are_correct_for_run_mcmc"/>
    <testcase time="0.00199999999999534" classname="run_mcmc" name="Check_that_the_outputs_are_correct_for_run_mcmc"/>
    <testcase time="0.00300000000000011" classname="run_mcmc" name="Check_that_the_outputs_are_correct_for_run_mcmc"/>
    <testcase time="0.00300000000000011" classname="run_mcmc" name="Check_that_the_outputs_are_correct_for_run_mcmc"/>
    <testcase time="0.00200000000000955" classname="run_mcmc" name="Check_that_the_outputs_are_correct_for_run_mcmc"/>
    <testcase time="0.00300000000000011" classname="run_mcmc" name="Check_that_the_outputs_are_correct_for_run_mcmc"/>
    <testcase time="0.00300000000000011" classname="run_mcmc" name="Check_that_the_outputs_are_correct_for_run_mcmc"/>
    <testcase time="0.00300000000000011" classname="run_mcmc" name="Check_that_the_outputs_are_correct_for_run_mcmc"/>
    <testcase time="0.00300000000000011" classname="run_mcmc" name="Check_that_the_outputs_are_correct_for_run_mcmc"/>
    <testcase time="0.00199999999999534" classname="run_mcmc" name="Check_that_the_outputs_are_correct_for_run_mcmc"/>
  </testsuite>
</testsuites>
