<?xml version="1.0" encoding="UTF-8"?>
<testsuites>
  <testsuite name="apply_mcmc" timestamp="2025-06-13T09:49:18Z" hostname="fcc108294dd2" tests="19" skipped="0" failures="0" errors="0" time="35.688">
    <testcase time="0.108" classname="apply_mcmc" name="apply_mcmc_can_recover_known_parameters_and_catches_errors"/>
    <testcase time="34.287" classname="apply_mcmc" name="apply_mcmc_can_recover_known_parameters_and_catches_errors"/>
    <testcase time="0.0069999999999979" classname="apply_mcmc" name="apply_mcmc_can_recover_known_parameters_and_catches_errors"/>
    <testcase time="0.131999999999998" classname="apply_mcmc" name="apply_mcmc_can_recover_known_parameters_and_catches_errors"/>
    <testcase time="0.00100000000000477" classname="apply_mcmc" name="apply_mcmc_can_recover_known_parameters_and_catches_errors"/>
    <testcase time="0.000999999999997669" classname="apply_mcmc" name="apply_mcmc_can_recover_known_parameters_and_catches_errors"/>
    <testcase time="0.00200000000000244" classname="apply_mcmc" name="apply_mcmc_can_recover_known_parameters_and_catches_errors"/>
    <testcase time="0.000999999999997669" classname="apply_mcmc" name="apply_mcmc_can_recover_known_parameters_and_catches_errors"/>
    <testcase time="0.000999999999997669" classname="apply_mcmc" name="apply_mcmc_can_recover_known_parameters_and_catches_errors"/>
    <testcase time="0.00100000000000477" classname="apply_mcmc" name="apply_mcmc_can_recover_known_parameters_and_catches_errors"/>
    <testcase time="0.000999999999997669" classname="apply_mcmc" name="apply_mcmc_can_recover_known_parameters_and_catches_errors"/>
    <testcase time="0.000999999999997669" classname="apply_mcmc" name="apply_mcmc_can_recover_known_parameters_and_catches_errors"/>
    <testcase time="0.00100000000000477" classname="apply_mcmc" name="apply_mcmc_can_recover_known_parameters_and_catches_errors"/>
    <testcase time="0.00199999999999534" classname="apply_mcmc" name="apply_mcmc_can_recover_known_parameters_and_catches_errors"/>
    <testcase time="0.00100000000000477" classname="apply_mcmc" name="apply_mcmc_can_recover_known_parameters_and_catches_errors"/>
    <testcase time="0.000999999999997669" classname="apply_mcmc" name="apply_mcmc_can_recover_known_parameters_and_catches_errors"/>
    <testcase time="0.000999999999997669" classname="apply_mcmc" name="apply_mcmc_can_recover_known_parameters_and_catches_errors"/>
    <testcase time="1.135" classname="apply_mcmc" name="apply_mcmc_works_with_one_covariate"/>
    <testcase time="0.00400000000000489" classname="apply_mcmc" name="apply_mcmc_works_with_one_covariate"/>
  </testsuite>
  <testsuite name="covariates" timestamp="2025-06-13T09:49:53Z" hostname="fcc108294dd2" tests="12" skipped="0" failures="0" errors="0" time="0.858">
    <testcase time="0.720999999999997" classname="covariates" name="Check_that_binary_probability_is_correct"/>
    <testcase time="0.0180000000000007" classname="covariates" name="Check_that_binary_probability_is_correct"/>
    <testcase time="0.0790000000000006" classname="covariates" name="Check_that_Covariate_distributions_are_created_correctly"/>
    <testcase time="0.00399999999999778" classname="covariates" name="Check_that_Covariate_distributions_are_created_correctly"/>
    <testcase time="0.00400000000000489" classname="covariates" name="Check_that_Covariate_distributions_are_created_correctly"/>
    <testcase time="0.00399999999999778" classname="covariates" name="Check_that_Covariate_distributions_are_created_correctly"/>
    <testcase time="0.00399999999999778" classname="covariates" name="Check_that_Covariate_distributions_are_created_correctly"/>
    <testcase time="0.00400000000000489" classname="covariates" name="Check_that_Covariate_distributions_are_created_correctly"/>
    <testcase time="0.00300000000000011" classname="covariates" name="Check_that_Covariate_distributions_are_created_correctly"/>
    <testcase time="0.00399999999999778" classname="covariates" name="Check_that_Covariate_distributions_are_created_correctly"/>
    <testcase time="0.00900000000000034" classname="covariates" name="Check_that_Covariate_distributions_are_created_correctly"/>
    <testcase time="0.00399999999999778" classname="covariates" name="Check_that_Covariate_distributions_are_created_correctly"/>
  </testsuite>
  <testsuite name="inputs" timestamp="2025-06-13T09:49:54Z" hostname="fcc108294dd2" tests="29" skipped="0" failures="0" errors="0" time="13.62">
    <testcase time="13.535" classname="inputs" name="inputs_are_correctly_carried_through_to_outputs"/>
    <testcase time="0.00300000000000011" classname="inputs" name="inputs_are_correctly_carried_through_to_outputs"/>
    <testcase time="0.00399999999999778" classname="inputs" name="inputs_are_correctly_carried_through_to_outputs"/>
    <testcase time="0.00300000000000011" classname="inputs" name="inputs_are_correctly_carried_through_to_outputs"/>
    <testcase time="0.00300000000000011" classname="inputs" name="inputs_are_correctly_carried_through_to_outputs"/>
    <testcase time="0.00300000000000011" classname="inputs" name="inputs_are_correctly_carried_through_to_outputs"/>
    <testcase time="0.00300000000000011" classname="inputs" name="inputs_are_correctly_carried_through_to_outputs"/>
    <testcase time="0.00300000000000011" classname="inputs" name="inputs_are_correctly_carried_through_to_outputs"/>
    <testcase time="0.00399999999999778" classname="inputs" name="inputs_are_correctly_carried_through_to_outputs"/>
    <testcase time="0.00200000000000244" classname="inputs" name="inputs_are_correctly_carried_through_to_outputs"/>
    <testcase time="0.00300000000000011" classname="inputs" name="inputs_are_correctly_carried_through_to_outputs"/>
    <testcase time="0.00300000000000011" classname="inputs" name="inputs_are_correctly_carried_through_to_outputs"/>
    <testcase time="0.00399999999999778" classname="inputs" name="inputs_are_correctly_carried_through_to_outputs"/>
    <testcase time="0.00300000000000011" classname="inputs" name="inputs_are_correctly_carried_through_to_outputs"/>
    <testcase time="0.00300000000000011" classname="inputs" name="inputs_are_correctly_carried_through_to_outputs"/>
    <testcase time="0.00300000000000011" classname="inputs" name="inputs_are_correctly_carried_through_to_outputs"/>
    <testcase time="0.00300000000000011" classname="inputs" name="inputs_are_correctly_carried_through_to_outputs"/>
    <testcase time="0.00300000000000011" classname="inputs" name="inputs_are_correctly_carried_through_to_outputs"/>
    <testcase time="0.00399999999999778" classname="inputs" name="inputs_are_correctly_carried_through_to_outputs"/>
    <testcase time="0.00300000000000011" classname="inputs" name="inputs_are_correctly_carried_through_to_outputs"/>
    <testcase time="0.00200000000000244" classname="inputs" name="inputs_are_correctly_carried_through_to_outputs"/>
    <testcase time="0.00300000000000011" classname="inputs" name="inputs_are_correctly_carried_through_to_outputs"/>
    <testcase time="0.00300000000000011" classname="inputs" name="inputs_are_correctly_carried_through_to_outputs"/>
    <testcase time="0.00300000000000011" classname="inputs" name="inputs_are_correctly_carried_through_to_outputs"/>
    <testcase time="0.00300000000000011" classname="inputs" name="inputs_are_correctly_carried_through_to_outputs"/>
    <testcase time="0.00200000000000244" classname="inputs" name="inputs_are_correctly_carried_through_to_outputs"/>
    <testcase time="0.00300000000000011" classname="inputs" name="inputs_are_correctly_carried_through_to_outputs"/>
    <testcase time="0.00300000000000011" classname="inputs" name="inputs_are_correctly_carried_through_to_outputs"/>
    <testcase time="0.00300000000000011" classname="inputs" name="inputs_are_correctly_carried_through_to_outputs"/>
  </testsuite>
  <testsuite name="messages" timestamp="2025-06-13T09:50:08Z" hostname="fcc108294dd2" tests="2" skipped="0" failures="0" errors="0" time="0.01">
    <testcase time="0.0069999999999979" classname="messages" name="Messages_for_set_cov_are_printed_only_when_appropriate"/>
    <testcase time="0.00300000000000011" classname="messages" name="Messages_for_set_cov_are_printed_only_when_appropriate"/>
  </testsuite>
  <testsuite name="parallel" timestamp="2025-06-13T09:50:08Z" hostname="fcc108294dd2" tests="1" skipped="0" failures="0" errors="0" time="13.662">
    <testcase time="13.662" classname="parallel" name="parallisation_works_as_expected"/>
  </testsuite>
  <testsuite name="plots" timestamp="2025-06-13T09:50:21Z" hostname="fcc108294dd2" tests="61" skipped="0" failures="0" errors="0" time="1.288">
    <testcase time="0.0210000000000008" classname="plots" name="Ensure_errors_are_correct"/>
    <testcase time="0.00400000000000489" classname="plots" name="Ensure_errors_are_correct"/>
    <testcase time="0.00499999999999545" classname="plots" name="Ensure_errors_are_correct"/>
    <testcase time="0.00400000000000489" classname="plots" name="Ensure_errors_are_correct"/>
    <testcase time="0.00499999999999545" classname="plots" name="Ensure_errors_are_correct"/>
    <testcase time="0.00400000000000489" classname="plots" name="Ensure_errors_are_correct"/>
    <testcase time="0.00399999999999068" classname="plots" name="Ensure_errors_are_correct"/>
    <testcase time="0.00500000000000966" classname="plots" name="Ensure_errors_are_correct"/>
    <testcase time="0.00399999999999068" classname="plots" name="Ensure_errors_are_correct"/>
    <testcase time="0.00400000000000489" classname="plots" name="Ensure_errors_are_correct"/>
    <testcase time="0.00499999999999545" classname="plots" name="Ensure_errors_are_correct"/>
    <testcase time="0.00400000000000489" classname="plots" name="Ensure_errors_are_correct"/>
    <testcase time="0.00400000000000489" classname="plots" name="Ensure_errors_are_correct"/>
    <testcase time="0.00499999999999545" classname="plots" name="Ensure_errors_are_correct"/>
    <testcase time="0.00399999999999068" classname="plots" name="Ensure_errors_are_correct"/>
    <testcase time="0.00500000000000966" classname="plots" name="Ensure_errors_are_correct"/>
    <testcase time="0.00399999999999068" classname="plots" name="Ensure_errors_are_correct"/>
    <testcase time="0.00400000000000489" classname="plots" name="Ensure_errors_are_correct"/>
    <testcase time="0.00499999999999545" classname="plots" name="Ensure_errors_are_correct"/>
    <testcase time="0.00400000000000489" classname="plots" name="Ensure_errors_are_correct"/>
    <testcase time="0.00499999999999545" classname="plots" name="Ensure_errors_are_correct"/>
    <testcase time="0.00400000000000489" classname="plots" name="Ensure_errors_are_correct"/>
    <testcase time="0.149000000000001" classname="plots" name="Ensure_output_is_producing_a_ggplot2_object_with_appropriate_parameters"/>
    <testcase time="0.00199999999999534" classname="plots" name="Ensure_output_is_producing_a_ggplot2_object_with_appropriate_parameters"/>
    <testcase time="0.00100000000000477" classname="plots" name="Ensure_output_is_producing_a_ggplot2_object_with_appropriate_parameters"/>
    <testcase time="0.00100000000000477" classname="plots" name="Ensure_output_is_producing_a_ggplot2_object_with_appropriate_parameters"/>
    <testcase time="0.00199999999999534" classname="plots" name="Ensure_output_is_producing_a_ggplot2_object_with_appropriate_parameters"/>
    <testcase time="0.00100000000000477" classname="plots" name="Ensure_output_is_producing_a_ggplot2_object_with_appropriate_parameters"/>
    <testcase time="0.000999999999990564" classname="plots" name="Ensure_output_is_producing_a_ggplot2_object_with_appropriate_parameters"/>
    <testcase time="0.00100000000000477" classname="plots" name="Ensure_output_is_producing_a_ggplot2_object_with_appropriate_parameters"/>
    <testcase time="0.00100000000000477" classname="plots" name="Ensure_output_is_producing_a_ggplot2_object_with_appropriate_parameters"/>
    <testcase time="0.00199999999999534" classname="plots" name="Ensure_output_is_producing_a_ggplot2_object_with_appropriate_parameters"/>
    <testcase time="0.00300000000000011" classname="plots" name="Ensure_output_is_producing_a_ggplot2_object_with_appropriate_parameters"/>
    <testcase time="0.0799999999999983" classname="plots" name="Ensure_output_is_producing_a_ggplot2_object_with_appropriate_parameters"/>
    <testcase time="0.00300000000000011" classname="plots" name="Ensure_output_is_producing_a_ggplot2_object_with_appropriate_parameters"/>
    <testcase time="0.0570000000000022" classname="plots" name="Ensure_output_is_producing_a_ggplot2_object_with_appropriate_parameters"/>
    <testcase time="0.00400000000000489" classname="plots" name="Ensure_output_is_producing_a_ggplot2_object_with_appropriate_parameters"/>
    <testcase time="0.0519999999999925" classname="plots" name="Ensure_output_is_producing_a_ggplot2_object_with_appropriate_parameters"/>
    <testcase time="0.00300000000000011" classname="plots" name="Ensure_output_is_producing_a_ggplot2_object_with_appropriate_parameters"/>
    <testcase time="0.0510000000000019" classname="plots" name="Ensure_output_is_producing_a_ggplot2_object_with_appropriate_parameters"/>
    <testcase time="0.00300000000000011" classname="plots" name="Ensure_output_is_producing_a_ggplot2_object_with_appropriate_parameters"/>
    <testcase time="0.00300000000000011" classname="plots" name="Ensure_output_is_producing_a_ggplot2_object_with_appropriate_parameters"/>
    <testcase time="0.00300000000000011" classname="plots" name="Ensure_output_is_producing_a_ggplot2_object_with_appropriate_parameters"/>
    <testcase time="0.00300000000000011" classname="plots" name="Ensure_output_is_producing_a_ggplot2_object_with_appropriate_parameters"/>
    <testcase time="0.00199999999999534" classname="plots" name="Ensure_output_is_producing_a_ggplot2_object_with_appropriate_parameters"/>
    <testcase time="0.00300000000000011" classname="plots" name="Ensure_output_is_producing_a_ggplot2_object_with_appropriate_parameters"/>
    <testcase time="0.0550000000000068" classname="plots" name="Ensure_output_is_producing_a_ggplot2_object_with_appropriate_parameters"/>
    <testcase time="0.0499999999999972" classname="plots" name="Ensure_output_is_producing_a_ggplot2_object_with_appropriate_parameters"/>
    <testcase time="0.0400000000000063" classname="plots" name="Ensure_output_is_producing_a_ggplot2_object_with_appropriate_parameters"/>
    <testcase time="0.0499999999999972" classname="plots" name="Ensure_output_is_producing_a_ggplot2_object_with_appropriate_parameters"/>
    <testcase time="0.054000000000002" classname="plots" name="Ensure_output_is_producing_a_ggplot2_object_with_appropriate_parameters"/>
    <testcase time="0.0400000000000063" classname="plots" name="Ensure_output_is_producing_a_ggplot2_object_with_appropriate_parameters"/>
    <testcase time="0.0570000000000022" classname="plots" name="Ensure_output_is_producing_a_ggplot2_object_with_appropriate_parameters"/>
    <testcase time="0.0600000000000023" classname="plots" name="Ensure_output_is_producing_a_ggplot2_object_with_appropriate_parameters"/>
    <testcase time="0.046999999999997" classname="plots" name="Ensure_output_is_producing_a_ggplot2_object_with_appropriate_parameters"/>
    <testcase time="0.0519999999999925" classname="plots" name="Ensure_output_is_producing_a_ggplot2_object_with_appropriate_parameters"/>
    <testcase time="0.0520000000000067" classname="plots" name="Ensure_output_is_producing_a_ggplot2_object_with_appropriate_parameters"/>
    <testcase time="0.0450000000000017" classname="plots" name="Ensure_output_is_producing_a_ggplot2_object_with_appropriate_parameters"/>
    <testcase time="0.0510000000000019" classname="plots" name="Ensure_output_is_producing_a_ggplot2_object_with_appropriate_parameters"/>
    <testcase time="0.0499999999999972" classname="plots" name="Ensure_output_is_producing_a_ggplot2_object_with_appropriate_parameters"/>
    <testcase time="0.0409999999999968" classname="plots" name="Ensure_output_is_producing_a_ggplot2_object_with_appropriate_parameters"/>
  </testsuite>
  <testsuite name="quiet" timestamp="2025-06-13T09:50:23Z" hostname="fcc108294dd2" tests="1" skipped="1" failures="0" errors="0" time="9.512">
    <testcase time="9.512" classname="quiet" name="Using_quiet_supresses_messages_as_expected">
      <skipped message="Reason: !Sys.getenv(&quot;RUN_ALL_TESTS&quot;) == TRUE is TRUE ('test-quiet.R:115:5')"/>
    </testcase>
  </testsuite>
  <testsuite name="run_mcmc" timestamp="2025-06-13T09:50:32Z" hostname="fcc108294dd2" tests="24" skipped="0" failures="0" errors="0" time="13.583">
    <testcase time="13.52" classname="run_mcmc" name="Check_that_the_outputs_are_correct_for_run_mcmc"/>
    <testcase time="0.00300000000000011" classname="run_mcmc" name="Check_that_the_outputs_are_correct_for_run_mcmc"/>
    <testcase time="0.00300000000000011" classname="run_mcmc" name="Check_that_the_outputs_are_correct_for_run_mcmc"/>
    <testcase time="0.00300000000000011" classname="run_mcmc" name="Check_that_the_outputs_are_correct_for_run_mcmc"/>
    <testcase time="0.00300000000000011" classname="run_mcmc" name="Check_that_the_outputs_are_correct_for_run_mcmc"/>
    <testcase time="0.00300000000000011" classname="run_mcmc" name="Check_that_the_outputs_are_correct_for_run_mcmc"/>
    <testcase time="0.00300000000000011" classname="run_mcmc" name="Check_that_the_outputs_are_correct_for_run_mcmc"/>
    <testcase time="0.00300000000000011" classname="run_mcmc" name="Check_that_the_outputs_are_correct_for_run_mcmc"/>
    <testcase time="0.00199999999999534" classname="run_mcmc" name="Check_that_the_outputs_are_correct_for_run_mcmc"/>
    <testcase time="0.00300000000000011" classname="run_mcmc" name="Check_that_the_outputs_are_correct_for_run_mcmc"/>
    <testcase time="0.00300000000000011" classname="run_mcmc" name="Check_that_the_outputs_are_correct_for_run_mcmc"/>
    <testcase time="0.00199999999999534" classname="run_mcmc" name="Check_that_the_outputs_are_correct_for_run_mcmc"/>
    <testcase time="0.00300000000000011" classname="run_mcmc" name="Check_that_the_outputs_are_correct_for_run_mcmc"/>
    <testcase time="0.00300000000000011" classname="run_mcmc" name="Check_that_the_outputs_are_correct_for_run_mcmc"/>
    <testcase time="0.00200000000000955" classname="run_mcmc" name="Check_that_the_outputs_are_correct_for_run_mcmc"/>
    <testcase time="0.00300000000000011" classname="run_mcmc" name="Check_that_the_outputs_are_correct_for_run_mcmc"/>
    <testcase time="0.00300000000000011" classname="run_mcmc" name="Check_that_the_outputs_are_correct_for_run_mcmc"/>
    <testcase time="0.00199999999999534" classname="run_mcmc" name="Check_that_the_outputs_are_correct_for_run_mcmc"/>
    <testcase time="0.00300000000000011" classname="run_mcmc" name="Check_that_the_outputs_are_correct_for_run_mcmc"/>
    <testcase time="0.00300000000000011" classname="run_mcmc" name="Check_that_the_outputs_are_correct_for_run_mcmc"/>
    <testcase time="0.00199999999999534" classname="run_mcmc" name="Check_that_the_outputs_are_correct_for_run_mcmc"/>
    <testcase time="0.00300000000000011" classname="run_mcmc" name="Check_that_the_outputs_are_correct_for_run_mcmc"/>
    <testcase time="0.00300000000000011" classname="run_mcmc" name="Check_that_the_outputs_are_correct_for_run_mcmc"/>
    <testcase time="0.00200000000000955" classname="run_mcmc" name="Check_that_the_outputs_are_correct_for_run_mcmc"/>
  </testsuite>
</testsuites>
