<?xml version="1.0" encoding="UTF-8"?>
<testsuites>
  <testsuite name="apply_mcmc" timestamp="2025-02-19T12:49:22Z" hostname="0a197cae711c" tests="19" skipped="0" failures="0" errors="0" time="34.883">
    <testcase time="0.107" classname="apply_mcmc" name="apply_mcmc_can_recover_known_parameters_and_catches_errors"/>
    <testcase time="33.475" classname="apply_mcmc" name="apply_mcmc_can_recover_known_parameters_and_catches_errors"/>
    <testcase time="0.00799999999999557" classname="apply_mcmc" name="apply_mcmc_can_recover_known_parameters_and_catches_errors"/>
    <testcase time="0.000999999999997669" classname="apply_mcmc" name="apply_mcmc_can_recover_known_parameters_and_catches_errors"/>
    <testcase time="0.00100000000000477" classname="apply_mcmc" name="apply_mcmc_can_recover_known_parameters_and_catches_errors"/>
    <testcase time="0.000999999999997669" classname="apply_mcmc" name="apply_mcmc_can_recover_known_parameters_and_catches_errors"/>
    <testcase time="0.000999999999997669" classname="apply_mcmc" name="apply_mcmc_can_recover_known_parameters_and_catches_errors"/>
    <testcase time="0.00100000000000477" classname="apply_mcmc" name="apply_mcmc_can_recover_known_parameters_and_catches_errors"/>
    <testcase time="0.000999999999997669" classname="apply_mcmc" name="apply_mcmc_can_recover_known_parameters_and_catches_errors"/>
    <testcase time="0.000999999999997669" classname="apply_mcmc" name="apply_mcmc_can_recover_known_parameters_and_catches_errors"/>
    <testcase time="0.00100000000000477" classname="apply_mcmc" name="apply_mcmc_can_recover_known_parameters_and_catches_errors"/>
    <testcase time="0.000999999999997669" classname="apply_mcmc" name="apply_mcmc_can_recover_known_parameters_and_catches_errors"/>
    <testcase time="0.00200000000000244" classname="apply_mcmc" name="apply_mcmc_can_recover_known_parameters_and_catches_errors"/>
    <testcase time="0.000999999999997669" classname="apply_mcmc" name="apply_mcmc_can_recover_known_parameters_and_catches_errors"/>
    <testcase time="0.000999999999997669" classname="apply_mcmc" name="apply_mcmc_can_recover_known_parameters_and_catches_errors"/>
    <testcase time="0.00100000000000477" classname="apply_mcmc" name="apply_mcmc_can_recover_known_parameters_and_catches_errors"/>
    <testcase time="0.000999999999997669" classname="apply_mcmc" name="apply_mcmc_can_recover_known_parameters_and_catches_errors"/>
    <testcase time="1.275" classname="apply_mcmc" name="apply_mcmc_works_with_one_covariate"/>
    <testcase time="0.00300000000000011" classname="apply_mcmc" name="apply_mcmc_works_with_one_covariate"/>
  </testsuite>
  <testsuite name="covariates" timestamp="2025-02-19T12:49:57Z" hostname="0a197cae711c" tests="12" skipped="0" failures="0" errors="0" time="0.845">
    <testcase time="0.706000000000003" classname="covariates" name="Check_that_binary_probability_is_correct"/>
    <testcase time="0.00300000000000011" classname="covariates" name="Check_that_binary_probability_is_correct"/>
    <testcase time="0.097999999999999" classname="covariates" name="Check_that_Covariate_distributions_are_created_correctly"/>
    <testcase time="0.00300000000000011" classname="covariates" name="Check_that_Covariate_distributions_are_created_correctly"/>
    <testcase time="0.00400000000000489" classname="covariates" name="Check_that_Covariate_distributions_are_created_correctly"/>
    <testcase time="0.00399999999999778" classname="covariates" name="Check_that_Covariate_distributions_are_created_correctly"/>
    <testcase time="0.00399999999999778" classname="covariates" name="Check_that_Covariate_distributions_are_created_correctly"/>
    <testcase time="0.00300000000000011" classname="covariates" name="Check_that_Covariate_distributions_are_created_correctly"/>
    <testcase time="0.00399999999999778" classname="covariates" name="Check_that_Covariate_distributions_are_created_correctly"/>
    <testcase time="0.00400000000000489" classname="covariates" name="Check_that_Covariate_distributions_are_created_correctly"/>
    <testcase time="0.00900000000000034" classname="covariates" name="Check_that_Covariate_distributions_are_created_correctly"/>
    <testcase time="0.00300000000000011" classname="covariates" name="Check_that_Covariate_distributions_are_created_correctly"/>
  </testsuite>
  <testsuite name="inputs" timestamp="2025-02-19T12:49:57Z" hostname="0a197cae711c" tests="29" skipped="0" failures="0" errors="0" time="13.012">
    <testcase time="12.927" classname="inputs" name="inputs_are_correctly_carried_through_to_outputs"/>
    <testcase time="0.00499999999999545" classname="inputs" name="inputs_are_correctly_carried_through_to_outputs"/>
    <testcase time="0.00300000000000011" classname="inputs" name="inputs_are_correctly_carried_through_to_outputs"/>
    <testcase time="0.00300000000000011" classname="inputs" name="inputs_are_correctly_carried_through_to_outputs"/>
    <testcase time="0.00300000000000011" classname="inputs" name="inputs_are_correctly_carried_through_to_outputs"/>
    <testcase time="0.00300000000000011" classname="inputs" name="inputs_are_correctly_carried_through_to_outputs"/>
    <testcase time="0.00300000000000011" classname="inputs" name="inputs_are_correctly_carried_through_to_outputs"/>
    <testcase time="0.00300000000000011" classname="inputs" name="inputs_are_correctly_carried_through_to_outputs"/>
    <testcase time="0.00400000000000489" classname="inputs" name="inputs_are_correctly_carried_through_to_outputs"/>
    <testcase time="0.00199999999999534" classname="inputs" name="inputs_are_correctly_carried_through_to_outputs"/>
    <testcase time="0.00300000000000011" classname="inputs" name="inputs_are_correctly_carried_through_to_outputs"/>
    <testcase time="0.00300000000000011" classname="inputs" name="inputs_are_correctly_carried_through_to_outputs"/>
    <testcase time="0.00400000000000489" classname="inputs" name="inputs_are_correctly_carried_through_to_outputs"/>
    <testcase time="0.00300000000000011" classname="inputs" name="inputs_are_correctly_carried_through_to_outputs"/>
    <testcase time="0.00300000000000011" classname="inputs" name="inputs_are_correctly_carried_through_to_outputs"/>
    <testcase time="0.00300000000000011" classname="inputs" name="inputs_are_correctly_carried_through_to_outputs"/>
    <testcase time="0.00300000000000011" classname="inputs" name="inputs_are_correctly_carried_through_to_outputs"/>
    <testcase time="0.00300000000000011" classname="inputs" name="inputs_are_correctly_carried_through_to_outputs"/>
    <testcase time="0.00300000000000011" classname="inputs" name="inputs_are_correctly_carried_through_to_outputs"/>
    <testcase time="0.00299999999999301" classname="inputs" name="inputs_are_correctly_carried_through_to_outputs"/>
    <testcase time="0.00300000000000011" classname="inputs" name="inputs_are_correctly_carried_through_to_outputs"/>
    <testcase time="0.00300000000000011" classname="inputs" name="inputs_are_correctly_carried_through_to_outputs"/>
    <testcase time="0.00300000000000011" classname="inputs" name="inputs_are_correctly_carried_through_to_outputs"/>
    <testcase time="0.00200000000000244" classname="inputs" name="inputs_are_correctly_carried_through_to_outputs"/>
    <testcase time="0.00300000000000011" classname="inputs" name="inputs_are_correctly_carried_through_to_outputs"/>
    <testcase time="0.00300000000000011" classname="inputs" name="inputs_are_correctly_carried_through_to_outputs"/>
    <testcase time="0.00300000000000011" classname="inputs" name="inputs_are_correctly_carried_through_to_outputs"/>
    <testcase time="0.00200000000000244" classname="inputs" name="inputs_are_correctly_carried_through_to_outputs"/>
    <testcase time="0.00300000000000011" classname="inputs" name="inputs_are_correctly_carried_through_to_outputs"/>
  </testsuite>
  <testsuite name="messages" timestamp="2025-02-19T12:50:10Z" hostname="0a197cae711c" tests="2" skipped="0" failures="0" errors="0" time="0.009">
    <testcase time="0.0069999999999979" classname="messages" name="Messages_for_set_cov_are_printed_only_when_appropriate"/>
    <testcase time="0.00200000000000244" classname="messages" name="Messages_for_set_cov_are_printed_only_when_appropriate"/>
  </testsuite>
  <testsuite name="parallel" timestamp="2025-02-19T12:50:10Z" hostname="0a197cae711c" tests="1" skipped="0" failures="0" errors="0" time="12.882">
    <testcase time="12.882" classname="parallel" name="parallisation_works_as_expected"/>
  </testsuite>
  <testsuite name="plots" timestamp="2025-02-19T12:50:23Z" hostname="0a197cae711c" tests="67" skipped="0" failures="0" errors="0" time="0.389">
    <testcase time="0.0260000000000034" classname="plots" name="Ensure_errors_are_correct"/>
    <testcase time="0.00600000000000023" classname="plots" name="Ensure_errors_are_correct"/>
    <testcase time="0.00499999999999545" classname="plots" name="Ensure_errors_are_correct"/>
    <testcase time="0.00400000000000489" classname="plots" name="Ensure_errors_are_correct"/>
    <testcase time="0.00499999999999545" classname="plots" name="Ensure_errors_are_correct"/>
    <testcase time="0.00400000000000489" classname="plots" name="Ensure_errors_are_correct"/>
    <testcase time="0.00399999999999778" classname="plots" name="Ensure_errors_are_correct"/>
    <testcase time="0.00500000000000256" classname="plots" name="Ensure_errors_are_correct"/>
    <testcase time="0.00399999999999778" classname="plots" name="Ensure_errors_are_correct"/>
    <testcase time="0.00399999999999778" classname="plots" name="Ensure_errors_are_correct"/>
    <testcase time="0.00500000000000256" classname="plots" name="Ensure_errors_are_correct"/>
    <testcase time="0.00399999999999778" classname="plots" name="Ensure_errors_are_correct"/>
    <testcase time="0.00400000000000489" classname="plots" name="Ensure_errors_are_correct"/>
    <testcase time="0.00499999999999545" classname="plots" name="Ensure_errors_are_correct"/>
    <testcase time="0.00400000000000489" classname="plots" name="Ensure_errors_are_correct"/>
    <testcase time="0.00399999999999778" classname="plots" name="Ensure_errors_are_correct"/>
    <testcase time="0.00399999999999778" classname="plots" name="Ensure_errors_are_correct"/>
    <testcase time="0.00400000000000489" classname="plots" name="Ensure_errors_are_correct"/>
    <testcase time="0.00499999999999545" classname="plots" name="Ensure_errors_are_correct"/>
    <testcase time="0.00400000000000489" classname="plots" name="Ensure_errors_are_correct"/>
    <testcase time="0.00399999999999778" classname="plots" name="Ensure_errors_are_correct"/>
    <testcase time="0.00500000000000256" classname="plots" name="Ensure_errors_are_correct"/>
    <testcase time="0.140999999999998" classname="plots" name="Ensure_output_is_producing_a_ggplot2_object_with_appropriate_parameters"/>
    <testcase time="0.00300000000000011" classname="plots" name="Ensure_output_is_producing_a_ggplot2_object_with_appropriate_parameters"/>
    <testcase time="0.00300000000000011" classname="plots" name="Ensure_output_is_producing_a_ggplot2_object_with_appropriate_parameters"/>
    <testcase time="0.00300000000000011" classname="plots" name="Ensure_output_is_producing_a_ggplot2_object_with_appropriate_parameters"/>
    <testcase time="0.00200000000000244" classname="plots" name="Ensure_output_is_producing_a_ggplot2_object_with_appropriate_parameters"/>
    <testcase time="0.00300000000000011" classname="plots" name="Ensure_output_is_producing_a_ggplot2_object_with_appropriate_parameters"/>
    <testcase time="0.00299999999999301" classname="plots" name="Ensure_output_is_producing_a_ggplot2_object_with_appropriate_parameters"/>
    <testcase time="0.00200000000000244" classname="plots" name="Ensure_output_is_producing_a_ggplot2_object_with_appropriate_parameters"/>
    <testcase time="0.00300000000000011" classname="plots" name="Ensure_output_is_producing_a_ggplot2_object_with_appropriate_parameters"/>
    <testcase time="0.00300000000000011" classname="plots" name="Ensure_output_is_producing_a_ggplot2_object_with_appropriate_parameters"/>
    <testcase time="0.00300000000000011" classname="plots" name="Ensure_output_is_producing_a_ggplot2_object_with_appropriate_parameters"/>
    <testcase time="0.00200000000000244" classname="plots" name="Ensure_output_is_producing_a_ggplot2_object_with_appropriate_parameters"/>
    <testcase time="0.00300000000000011" classname="plots" name="Ensure_output_is_producing_a_ggplot2_object_with_appropriate_parameters"/>
    <testcase time="0.00300000000000011" classname="plots" name="Ensure_output_is_producing_a_ggplot2_object_with_appropriate_parameters"/>
    <testcase time="0.00300000000000011" classname="plots" name="Ensure_output_is_producing_a_ggplot2_object_with_appropriate_parameters"/>
    <testcase time="0.00199999999999534" classname="plots" name="Ensure_output_is_producing_a_ggplot2_object_with_appropriate_parameters"/>
    <testcase time="0.00300000000000011" classname="plots" name="Ensure_output_is_producing_a_ggplot2_object_with_appropriate_parameters"/>
    <testcase time="0.00300000000000011" classname="plots" name="Ensure_output_is_producing_a_ggplot2_object_with_appropriate_parameters"/>
    <testcase time="0.00200000000000244" classname="plots" name="Ensure_output_is_producing_a_ggplot2_object_with_appropriate_parameters"/>
    <testcase time="0.00200000000000244" classname="plots" name="Ensure_output_is_producing_a_ggplot2_object_with_appropriate_parameters"/>
    <testcase time="0.00300000000000011" classname="plots" name="Ensure_output_is_producing_a_ggplot2_object_with_appropriate_parameters"/>
    <testcase time="0.00300000000000011" classname="plots" name="Ensure_output_is_producing_a_ggplot2_object_with_appropriate_parameters"/>
    <testcase time="0.00300000000000011" classname="plots" name="Ensure_output_is_producing_a_ggplot2_object_with_appropriate_parameters"/>
    <testcase time="0.00200000000000244" classname="plots" name="Ensure_output_is_producing_a_ggplot2_object_with_appropriate_parameters"/>
    <testcase time="0.00300000000000011" classname="plots" name="Ensure_output_is_producing_a_ggplot2_object_with_appropriate_parameters"/>
    <testcase time="0.00300000000000011" classname="plots" name="Ensure_output_is_producing_a_ggplot2_object_with_appropriate_parameters"/>
    <testcase time="0.00300000000000011" classname="plots" name="Ensure_output_is_producing_a_ggplot2_object_with_appropriate_parameters"/>
    <testcase time="0.00199999999999534" classname="plots" name="Ensure_output_is_producing_a_ggplot2_object_with_appropriate_parameters"/>
    <testcase time="0.00300000000000011" classname="plots" name="Ensure_output_is_producing_a_ggplot2_object_with_appropriate_parameters"/>
    <testcase time="0.00300000000000011" classname="plots" name="Ensure_output_is_producing_a_ggplot2_object_with_appropriate_parameters"/>
    <testcase time="0.00300000000000011" classname="plots" name="Ensure_output_is_producing_a_ggplot2_object_with_appropriate_parameters"/>
    <testcase time="0.00300000000000011" classname="plots" name="Ensure_output_is_producing_a_ggplot2_object_with_appropriate_parameters"/>
    <testcase time="0.00200000000000244" classname="plots" name="Ensure_output_is_producing_a_ggplot2_object_with_appropriate_parameters"/>
    <testcase time="0.00300000000000011" classname="plots" name="Ensure_output_is_producing_a_ggplot2_object_with_appropriate_parameters"/>
    <testcase time="0.00300000000000011" classname="plots" name="Ensure_output_is_producing_a_ggplot2_object_with_appropriate_parameters"/>
    <testcase time="0.00300000000000011" classname="plots" name="Ensure_output_is_producing_a_ggplot2_object_with_appropriate_parameters"/>
    <testcase time="0.00300000000000011" classname="plots" name="Ensure_output_is_producing_a_ggplot2_object_with_appropriate_parameters"/>
    <testcase time="0.00199999999999534" classname="plots" name="Ensure_output_is_producing_a_ggplot2_object_with_appropriate_parameters"/>
    <testcase time="0.00300000000000011" classname="plots" name="Ensure_output_is_producing_a_ggplot2_object_with_appropriate_parameters"/>
    <testcase time="0.00300000000000011" classname="plots" name="Ensure_output_is_producing_a_ggplot2_object_with_appropriate_parameters"/>
    <testcase time="0.00300000000000011" classname="plots" name="Ensure_output_is_producing_a_ggplot2_object_with_appropriate_parameters"/>
    <testcase time="0.00300000000000011" classname="plots" name="Ensure_output_is_producing_a_ggplot2_object_with_appropriate_parameters"/>
    <testcase time="0.00300000000000011" classname="plots" name="Ensure_output_is_producing_a_ggplot2_object_with_appropriate_parameters"/>
    <testcase time="0.0100000000000051" classname="plots" name="Ensure_output_is_producing_a_ggplot2_object_with_appropriate_parameters"/>
    <testcase time="0.00300000000000011" classname="plots" name="Ensure_output_is_producing_a_ggplot2_object_with_appropriate_parameters"/>
  </testsuite>
  <testsuite name="quiet" timestamp="2025-02-19T12:50:24Z" hostname="0a197cae711c" tests="1" skipped="1" failures="0" errors="0" time="8.757">
    <testcase time="8.75699999999999" classname="quiet" name="Using_quiet_supresses_messages_as_expected">
      <skipped message="Reason: !Sys.getenv(&quot;RUN_ALL_TESTS&quot;) == TRUE is TRUE ('test-quiet.R:115:5')"/>
    </testcase>
  </testsuite>
  <testsuite name="run_mcmc" timestamp="2025-02-19T12:50:32Z" hostname="0a197cae711c" tests="24" skipped="0" failures="0" errors="0" time="12.958">
    <testcase time="12.885" classname="run_mcmc" name="Check_that_the_outputs_are_correct_for_run_mcmc"/>
    <testcase time="0.00400000000000489" classname="run_mcmc" name="Check_that_the_outputs_are_correct_for_run_mcmc"/>
    <testcase time="0.00499999999999545" classname="run_mcmc" name="Check_that_the_outputs_are_correct_for_run_mcmc"/>
    <testcase time="0.00499999999999545" classname="run_mcmc" name="Check_that_the_outputs_are_correct_for_run_mcmc"/>
    <testcase time="0.00400000000000489" classname="run_mcmc" name="Check_that_the_outputs_are_correct_for_run_mcmc"/>
    <testcase time="0.00400000000000489" classname="run_mcmc" name="Check_that_the_outputs_are_correct_for_run_mcmc"/>
    <testcase time="0.00399999999999068" classname="run_mcmc" name="Check_that_the_outputs_are_correct_for_run_mcmc"/>
    <testcase time="0.00400000000000489" classname="run_mcmc" name="Check_that_the_outputs_are_correct_for_run_mcmc"/>
    <testcase time="0.00300000000000011" classname="run_mcmc" name="Check_that_the_outputs_are_correct_for_run_mcmc"/>
    <testcase time="0.00199999999999534" classname="run_mcmc" name="Check_that_the_outputs_are_correct_for_run_mcmc"/>
    <testcase time="0.00300000000000011" classname="run_mcmc" name="Check_that_the_outputs_are_correct_for_run_mcmc"/>
    <testcase time="0.00300000000000011" classname="run_mcmc" name="Check_that_the_outputs_are_correct_for_run_mcmc"/>
    <testcase time="0.00200000000000955" classname="run_mcmc" name="Check_that_the_outputs_are_correct_for_run_mcmc"/>
    <testcase time="0.00300000000000011" classname="run_mcmc" name="Check_that_the_outputs_are_correct_for_run_mcmc"/>
    <testcase time="0.00300000000000011" classname="run_mcmc" name="Check_that_the_outputs_are_correct_for_run_mcmc"/>
    <testcase time="0.00199999999999534" classname="run_mcmc" name="Check_that_the_outputs_are_correct_for_run_mcmc"/>
    <testcase time="0.00300000000000011" classname="run_mcmc" name="Check_that_the_outputs_are_correct_for_run_mcmc"/>
    <testcase time="0.00300000000000011" classname="run_mcmc" name="Check_that_the_outputs_are_correct_for_run_mcmc"/>
    <testcase time="0.00199999999999534" classname="run_mcmc" name="Check_that_the_outputs_are_correct_for_run_mcmc"/>
    <testcase time="0.00300000000000011" classname="run_mcmc" name="Check_that_the_outputs_are_correct_for_run_mcmc"/>
    <testcase time="0.00300000000000011" classname="run_mcmc" name="Check_that_the_outputs_are_correct_for_run_mcmc"/>
    <testcase time="0.00300000000000011" classname="run_mcmc" name="Check_that_the_outputs_are_correct_for_run_mcmc"/>
    <testcase time="0.00200000000000955" classname="run_mcmc" name="Check_that_the_outputs_are_correct_for_run_mcmc"/>
    <testcase time="0.00300000000000011" classname="run_mcmc" name="Check_that_the_outputs_are_correct_for_run_mcmc"/>
  </testsuite>
</testsuites>
